2023-03-31 08:58:11.609 [main] INFO  org.reflections.Reflections -[scan] Line:232- Reflections took 24 ms to scan 1 urls, producing 3 keys and 6 values 
2023-03-31 08:58:11.636 [main] INFO  org.reflections.Reflections -[scan] Line:232- Reflections took 14 ms to scan 1 urls, producing 4 keys and 9 values 
2023-03-31 08:58:11.652 [main] INFO  org.reflections.Reflections -[scan] Line:232- Reflections took 13 ms to scan 1 urls, producing 3 keys and 10 values 
2023-03-31 08:58:11.780 [main] INFO  org.reflections.Reflections -[scan] Line:232- Reflections took 124 ms to scan 100 urls, producing 0 keys and 0 values 
2023-03-31 08:58:11.795 [main] INFO  org.reflections.Reflections -[scan] Line:232- Reflections took 10 ms to scan 1 urls, producing 1 keys and 5 values 
2023-03-31 08:58:11.809 [main] INFO  org.reflections.Reflections -[scan] Line:232- Reflections took 10 ms to scan 1 urls, producing 1 keys and 7 values 
2023-03-31 08:58:11.823 [main] INFO  org.reflections.Reflections -[scan] Line:232- Reflections took 10 ms to scan 1 urls, producing 2 keys and 8 values 
2023-03-31 08:58:11.900 [main] INFO  org.reflections.Reflections -[scan] Line:232- Reflections took 74 ms to scan 100 urls, producing 0 keys and 0 values 
2023-03-31 08:58:12.597 [main] INFO  com.github.admin.AdminServiceApplication -[logStartupProfileInfo] Line:637- The following 1 profile is active: "local"
2023-03-31 08:58:15.741 [main] INFO  com.github.admin.AdminServiceApplication -[logStarted] Line:61 - Started AdminServiceApplication in 5.401 seconds (JVM running for 6.157)
2023-03-31 09:27:14.136 [main] INFO  org.reflections.Reflections -[scan] Line:232- Reflections took 33 ms to scan 1 urls, producing 3 keys and 6 values 
2023-03-31 09:27:14.160 [main] INFO  org.reflections.Reflections -[scan] Line:232- Reflections took 12 ms to scan 1 urls, producing 4 keys and 9 values 
2023-03-31 09:27:14.177 [main] INFO  org.reflections.Reflections -[scan] Line:232- Reflections took 14 ms to scan 1 urls, producing 3 keys and 10 values 
2023-03-31 09:27:14.294 [main] INFO  org.reflections.Reflections -[scan] Line:232- Reflections took 111 ms to scan 100 urls, producing 0 keys and 0 values 
2023-03-31 09:27:14.308 [main] INFO  org.reflections.Reflections -[scan] Line:232- Reflections took 10 ms to scan 1 urls, producing 1 keys and 5 values 
2023-03-31 09:27:14.321 [main] INFO  org.reflections.Reflections -[scan] Line:232- Reflections took 8 ms to scan 1 urls, producing 1 keys and 7 values 
2023-03-31 09:27:14.333 [main] INFO  org.reflections.Reflections -[scan] Line:232- Reflections took 9 ms to scan 1 urls, producing 2 keys and 8 values 
2023-03-31 09:27:14.411 [main] INFO  org.reflections.Reflections -[scan] Line:232- Reflections took 75 ms to scan 100 urls, producing 0 keys and 0 values 
2023-03-31 09:27:14.971 [main] INFO  com.github.admin.AdminServiceApplication -[logStartupProfileInfo] Line:637- The following 1 profile is active: "local"
2023-03-31 09:27:17.998 [main] INFO  com.github.admin.AdminServiceApplication -[logStarted] Line:61 - Started AdminServiceApplication in 5.108 seconds (JVM running for 5.709)
2023-03-31 10:07:27.552 [main] INFO  org.reflections.Reflections -[scan] Line:232- Reflections took 27 ms to scan 1 urls, producing 3 keys and 6 values 
2023-03-31 10:07:27.575 [main] INFO  org.reflections.Reflections -[scan] Line:232- Reflections took 12 ms to scan 1 urls, producing 4 keys and 9 values 
2023-03-31 10:07:27.590 [main] INFO  org.reflections.Reflections -[scan] Line:232- Reflections took 12 ms to scan 1 urls, producing 3 keys and 10 values 
2023-03-31 10:07:27.728 [main] INFO  org.reflections.Reflections -[scan] Line:232- Reflections took 133 ms to scan 100 urls, producing 0 keys and 0 values 
2023-03-31 10:07:27.743 [main] INFO  org.reflections.Reflections -[scan] Line:232- Reflections took 11 ms to scan 1 urls, producing 1 keys and 5 values 
2023-03-31 10:07:27.757 [main] INFO  org.reflections.Reflections -[scan] Line:232- Reflections took 9 ms to scan 1 urls, producing 1 keys and 7 values 
2023-03-31 10:07:27.770 [main] INFO  org.reflections.Reflections -[scan] Line:232- Reflections took 9 ms to scan 1 urls, producing 2 keys and 8 values 
2023-03-31 10:07:27.851 [main] INFO  org.reflections.Reflections -[scan] Line:232- Reflections took 78 ms to scan 100 urls, producing 0 keys and 0 values 
2023-03-31 10:07:28.496 [main] INFO  com.github.admin.AdminServiceApplication -[logStartupProfileInfo] Line:637- The following 1 profile is active: "local"
2023-03-31 10:07:31.972 [main] INFO  com.github.admin.AdminServiceApplication -[logStarted] Line:61 - Started AdminServiceApplication in 5.826 seconds (JVM running for 6.492)
2023-03-31 10:44:30.350 [SpringApplicationShutdownHook] INFO  c.a.cloud.nacos.registry.NacosServiceRegistry -[deregister] Line:94 - De-registering from Nacos Server now...
2023-03-31 10:44:30.397 [SpringApplicationShutdownHook] INFO  c.a.cloud.nacos.registry.NacosServiceRegistry -[deregister] Line:114- De-registration finished.
2023-03-31 10:44:30.731 [SpringApplicationShutdownHook] INFO  com.alibaba.nacos.common.remote.client -[shutdown] Line:454- Shutdown rpc client, set status to shutdown
2023-03-31 10:44:30.731 [SpringApplicationShutdownHook] INFO  com.alibaba.nacos.common.remote.client -[shutdown] Line:456- Shutdown client event executor java.util.concurrent.ScheduledThreadPoolExecutor@12de9a4[Running, pool size = 2, active threads = 2, queued tasks = 0, completed tasks = 0]
2023-03-31 10:44:30.731 [SpringApplicationShutdownHook] INFO  com.alibaba.nacos.common.remote.client -[closeConnection] Line:591- Close current connection 1680228451745_127.0.0.1_49589
2023-03-31 10:44:30.741 [nacos-grpc-client-executor-1205] INFO  c.a.nacos.common.remote.client.grpc.GrpcClient -[printIfInfoEnabled] Line:60 - [1680228451745_127.0.0.1_49589]Ignore complete event,isRunning:false,isAbandon=false
2023-03-31 10:44:30.749 [SpringApplicationShutdownHook] INFO  c.a.nacos.common.remote.client.grpc.GrpcClient -[shutdown] Line:85 - Shutdown grpc executor java.util.concurrent.ThreadPoolExecutor@465cd33f[Running, pool size = 11, active threads = 0, queued tasks = 0, completed tasks = 1206]
2023-03-31 10:44:30.763 [SpringApplicationShutdownHook] INFO  com.alibaba.druid.pool.DruidDataSource -[close] Line:2138- {dataSource-1} closing ...
2023-03-31 10:44:30.789 [SpringApplicationShutdownHook] INFO  com.alibaba.druid.pool.DruidDataSource -[close] Line:2211- {dataSource-1} closed
2023-03-31 10:44:34.740 [main] INFO  com.alibaba.nacos.common.remote.client -[lambda$createClient$0] Line:80 - [RpcClientFactory] create a new rpc client of d9771da0-a206-4f1a-aea6-2872a2cea720_config-0
2023-03-31 10:44:34.782 [main] INFO  org.reflections.Reflections -[scan] Line:232- Reflections took 27 ms to scan 1 urls, producing 3 keys and 6 values 
2023-03-31 10:44:34.805 [main] INFO  org.reflections.Reflections -[scan] Line:232- Reflections took 14 ms to scan 1 urls, producing 4 keys and 9 values 
2023-03-31 10:44:34.820 [main] INFO  org.reflections.Reflections -[scan] Line:232- Reflections took 13 ms to scan 1 urls, producing 3 keys and 10 values 
2023-03-31 10:44:34.932 [main] INFO  org.reflections.Reflections -[scan] Line:232- Reflections took 107 ms to scan 100 urls, producing 0 keys and 0 values 
2023-03-31 10:44:34.942 [main] INFO  org.reflections.Reflections -[scan] Line:232- Reflections took 9 ms to scan 1 urls, producing 1 keys and 5 values 
2023-03-31 10:44:34.953 [main] INFO  org.reflections.Reflections -[scan] Line:232- Reflections took 9 ms to scan 1 urls, producing 1 keys and 7 values 
2023-03-31 10:44:34.962 [main] INFO  org.reflections.Reflections -[scan] Line:232- Reflections took 7 ms to scan 1 urls, producing 2 keys and 8 values 
2023-03-31 10:44:35.048 [main] INFO  org.reflections.Reflections -[scan] Line:232- Reflections took 83 ms to scan 100 urls, producing 0 keys and 0 values 
2023-03-31 10:44:35.051 [main] INFO  com.alibaba.nacos.common.remote.client -[printIfInfoEnabled] Line:60 - [d9771da0-a206-4f1a-aea6-2872a2cea720_config-0] RpcClient init label, labels = {module=config, Vipserver-Tag=null, source=sdk, Amory-Tag=null, Location-Tag=null, taskId=0, AppName=unknown}
2023-03-31 10:44:35.055 [main] INFO  com.alibaba.nacos.common.remote.client -[printIfInfoEnabled] Line:60 - [d9771da0-a206-4f1a-aea6-2872a2cea720_config-0] Register server push request handler:com.alibaba.nacos.client.config.impl.ClientWorker$ConfigRpcTransportClient$$Lambda$329/1155757579
2023-03-31 10:44:35.056 [main] INFO  com.alibaba.nacos.common.remote.client -[printIfInfoEnabled] Line:60 - [d9771da0-a206-4f1a-aea6-2872a2cea720_config-0] Register server push request handler:com.alibaba.nacos.client.config.impl.ClientWorker$ConfigRpcTransportClient$$Lambda$330/1785111044
2023-03-31 10:44:35.057 [main] INFO  com.alibaba.nacos.common.remote.client -[printIfInfoEnabled] Line:60 - [d9771da0-a206-4f1a-aea6-2872a2cea720_config-0] Registry connection listener to current client:com.alibaba.nacos.client.config.impl.ClientWorker$ConfigRpcTransportClient$1
2023-03-31 10:44:35.057 [main] INFO  com.alibaba.nacos.common.remote.client -[printIfInfoEnabled] Line:60 - [d9771da0-a206-4f1a-aea6-2872a2cea720_config-0] RpcClient init, ServerListFactory = com.alibaba.nacos.client.config.impl.ClientWorker$ConfigRpcTransportClient$2
2023-03-31 10:44:35.071 [main] INFO  com.alibaba.nacos.common.remote.client -[printIfInfoEnabled] Line:60 - [d9771da0-a206-4f1a-aea6-2872a2cea720_config-0] Try to connect to server on start up, server: {serverIp = 'localhost', server main port = 8848}
2023-03-31 10:44:35.568 [main] INFO  com.alibaba.nacos.common.remote.client -[printIfInfoEnabled] Line:60 - [d9771da0-a206-4f1a-aea6-2872a2cea720_config-0] Success to connect to server [localhost:8848] on start up, connectionId = 1680230675408_127.0.0.1_51879
2023-03-31 10:44:35.569 [com.alibaba.nacos.client.remote.worker] INFO  com.alibaba.nacos.common.remote.client -[printIfInfoEnabled] Line:60 - [d9771da0-a206-4f1a-aea6-2872a2cea720_config-0] Notify connected event to listeners.
2023-03-31 10:44:35.569 [main] INFO  com.alibaba.nacos.common.remote.client -[printIfInfoEnabled] Line:60 - [d9771da0-a206-4f1a-aea6-2872a2cea720_config-0] Register server push request handler:com.alibaba.nacos.common.remote.client.RpcClient$ConnectResetRequestHandler
2023-03-31 10:44:35.571 [main] INFO  com.alibaba.nacos.common.remote.client -[printIfInfoEnabled] Line:60 - [d9771da0-a206-4f1a-aea6-2872a2cea720_config-0] Register server push request handler:com.alibaba.nacos.common.remote.client.RpcClient$$Lambda$338/594916129
2023-03-31 10:44:35.731 [main] INFO  com.github.admin.AdminServiceApplication -[logStartupProfileInfo] Line:637- The following 1 profile is active: "local"
2023-03-31 10:44:37.944 [main] INFO  c.a.d.s.b.a.DruidDataSourceAutoConfigure -[dataSource] Line:55 - Init DruidDataSource
2023-03-31 10:44:38.438 [main] INFO  com.alibaba.druid.pool.DruidDataSource -[init] Line:996- {dataSource-1} inited
2023-03-31 10:44:39.492 [main] INFO  com.alibaba.nacos.common.remote.client -[lambda$createClient$0] Line:80 - [RpcClientFactory] create a new rpc client of c7cd3394-2415-4d39-8233-6a461a1d9faf
2023-03-31 10:44:39.492 [main] INFO  com.alibaba.nacos.common.remote.client -[printIfInfoEnabled] Line:60 - [c7cd3394-2415-4d39-8233-6a461a1d9faf] RpcClient init label, labels = {module=naming, source=sdk}
2023-03-31 10:44:39.493 [main] INFO  com.alibaba.nacos.common.remote.client -[printIfInfoEnabled] Line:60 - [c7cd3394-2415-4d39-8233-6a461a1d9faf] RpcClient init, ServerListFactory = com.alibaba.nacos.client.naming.core.ServerListManager
2023-03-31 10:44:39.493 [main] INFO  com.alibaba.nacos.common.remote.client -[printIfInfoEnabled] Line:60 - [c7cd3394-2415-4d39-8233-6a461a1d9faf] Registry connection listener to current client:com.alibaba.nacos.client.naming.remote.gprc.redo.NamingGrpcRedoService
2023-03-31 10:44:39.493 [main] INFO  com.alibaba.nacos.common.remote.client -[printIfInfoEnabled] Line:60 - [c7cd3394-2415-4d39-8233-6a461a1d9faf] Register server push request handler:com.alibaba.nacos.client.naming.remote.gprc.NamingPushRequestHandler
2023-03-31 10:44:39.494 [main] INFO  com.alibaba.nacos.common.remote.client -[printIfInfoEnabled] Line:60 - [c7cd3394-2415-4d39-8233-6a461a1d9faf] Try to connect to server on start up, server: {serverIp = 'localhost', server main port = 8848}
2023-03-31 10:44:39.657 [main] INFO  com.alibaba.nacos.common.remote.client -[printIfInfoEnabled] Line:60 - [c7cd3394-2415-4d39-8233-6a461a1d9faf] Success to connect to server [localhost:8848] on start up, connectionId = 1680230679537_127.0.0.1_51892
2023-03-31 10:44:39.660 [main] INFO  com.alibaba.nacos.common.remote.client -[printIfInfoEnabled] Line:60 - [c7cd3394-2415-4d39-8233-6a461a1d9faf] Register server push request handler:com.alibaba.nacos.common.remote.client.RpcClient$ConnectResetRequestHandler
2023-03-31 10:44:39.660 [com.alibaba.nacos.client.remote.worker] INFO  com.alibaba.nacos.common.remote.client -[printIfInfoEnabled] Line:60 - [c7cd3394-2415-4d39-8233-6a461a1d9faf] Notify connected event to listeners.
2023-03-31 10:44:39.660 [main] INFO  com.alibaba.nacos.common.remote.client -[printIfInfoEnabled] Line:60 - [c7cd3394-2415-4d39-8233-6a461a1d9faf] Register server push request handler:com.alibaba.nacos.common.remote.client.RpcClient$$Lambda$338/594916129
2023-03-31 10:44:39.786 [main] INFO  c.a.cloud.nacos.registry.NacosServiceRegistry -[register] Line:75 - nacos registry, DEFAULT_GROUP springboot-admin-service 192.168.2.74:8088 register finished
2023-03-31 10:44:39.826 [main] INFO  com.github.admin.AdminServiceApplication -[logStarted] Line:61 - Started AdminServiceApplication in 6.305 seconds (JVM running for 6.918)
2023-03-31 10:44:39.854 [main] INFO  c.a.cloud.nacos.refresh.NacosContextRefresher -[registerNacosListener] Line:129- [Nacos Config] Listening config: dataId=springboot-admin-service, group=DEFAULT_GROUP
2023-03-31 10:44:39.854 [main] INFO  c.a.cloud.nacos.refresh.NacosContextRefresher -[registerNacosListener] Line:129- [Nacos Config] Listening config: dataId=springboot-admin-service.yml, group=DEFAULT_GROUP
2023-03-31 10:44:39.859 [main] INFO  c.a.cloud.nacos.refresh.NacosContextRefresher -[registerNacosListener] Line:129- [Nacos Config] Listening config: dataId=springboot-admin-service-local.yml, group=DEFAULT_GROUP
2023-03-31 10:44:40.294 [nacos-grpc-client-executor-12] INFO  com.alibaba.nacos.common.remote.client -[printIfInfoEnabled] Line:60 - [c7cd3394-2415-4d39-8233-6a461a1d9faf] Receive server push request, request = NotifySubscriberRequest, requestId = 37
2023-03-31 10:44:40.348 [nacos-grpc-client-executor-12] INFO  com.alibaba.nacos.common.remote.client -[printIfInfoEnabled] Line:60 - [c7cd3394-2415-4d39-8233-6a461a1d9faf] Ack server push request, request = NotifySubscriberRequest, requestId = 37
2023-03-31 10:45:38.930 [SpringApplicationShutdownHook] INFO  c.a.cloud.nacos.registry.NacosServiceRegistry -[deregister] Line:94 - De-registering from Nacos Server now...
2023-03-31 10:45:38.951 [SpringApplicationShutdownHook] INFO  c.a.cloud.nacos.registry.NacosServiceRegistry -[deregister] Line:114- De-registration finished.
2023-03-31 10:45:39.270 [SpringApplicationShutdownHook] INFO  com.alibaba.nacos.common.remote.client -[shutdown] Line:454- Shutdown rpc client, set status to shutdown
2023-03-31 10:45:39.271 [SpringApplicationShutdownHook] INFO  com.alibaba.nacos.common.remote.client -[shutdown] Line:456- Shutdown client event executor java.util.concurrent.ScheduledThreadPoolExecutor@43cbced6[Running, pool size = 2, active threads = 2, queued tasks = 0, completed tasks = 0]
2023-03-31 10:45:39.271 [SpringApplicationShutdownHook] INFO  com.alibaba.nacos.common.remote.client -[closeConnection] Line:591- Close current connection 1680230679537_127.0.0.1_51892
2023-03-31 10:45:39.278 [nacos-grpc-client-executor-52] INFO  c.a.nacos.common.remote.client.grpc.GrpcClient -[printIfInfoEnabled] Line:60 - [1680230679537_127.0.0.1_51892]Ignore complete event,isRunning:false,isAbandon=false
2023-03-31 10:45:39.280 [SpringApplicationShutdownHook] INFO  c.a.nacos.common.remote.client.grpc.GrpcClient -[shutdown] Line:85 - Shutdown grpc executor java.util.concurrent.ThreadPoolExecutor@79780490[Running, pool size = 13, active threads = 0, queued tasks = 0, completed tasks = 53]
2023-03-31 10:45:39.289 [SpringApplicationShutdownHook] INFO  com.alibaba.druid.pool.DruidDataSource -[close] Line:2138- {dataSource-1} closing ...
2023-03-31 10:45:39.300 [SpringApplicationShutdownHook] INFO  com.alibaba.druid.pool.DruidDataSource -[close] Line:2211- {dataSource-1} closed
2023-03-31 10:45:43.877 [main] INFO  com.alibaba.nacos.common.remote.client -[lambda$createClient$0] Line:80 - [RpcClientFactory] create a new rpc client of 5d4938e9-a9bc-476e-a28b-223ff0beb36b_config-0
2023-03-31 10:45:43.924 [main] INFO  org.reflections.Reflections -[scan] Line:232- Reflections took 29 ms to scan 1 urls, producing 3 keys and 6 values 
2023-03-31 10:45:43.949 [main] INFO  org.reflections.Reflections -[scan] Line:232- Reflections took 16 ms to scan 1 urls, producing 4 keys and 9 values 
2023-03-31 10:45:43.963 [main] INFO  org.reflections.Reflections -[scan] Line:232- Reflections took 11 ms to scan 1 urls, producing 3 keys and 10 values 
2023-03-31 10:45:44.087 [main] INFO  org.reflections.Reflections -[scan] Line:232- Reflections took 119 ms to scan 100 urls, producing 0 keys and 0 values 
2023-03-31 10:45:44.098 [main] INFO  org.reflections.Reflections -[scan] Line:232- Reflections took 10 ms to scan 1 urls, producing 1 keys and 5 values 
2023-03-31 10:45:44.108 [main] INFO  org.reflections.Reflections -[scan] Line:232- Reflections took 9 ms to scan 1 urls, producing 1 keys and 7 values 
2023-03-31 10:45:44.118 [main] INFO  org.reflections.Reflections -[scan] Line:232- Reflections took 8 ms to scan 1 urls, producing 2 keys and 8 values 
2023-03-31 10:45:44.213 [main] INFO  org.reflections.Reflections -[scan] Line:232- Reflections took 93 ms to scan 100 urls, producing 0 keys and 0 values 
2023-03-31 10:45:44.217 [main] INFO  com.alibaba.nacos.common.remote.client -[printIfInfoEnabled] Line:60 - [5d4938e9-a9bc-476e-a28b-223ff0beb36b_config-0] RpcClient init label, labels = {module=config, Vipserver-Tag=null, source=sdk, Amory-Tag=null, Location-Tag=null, taskId=0, AppName=unknown}
2023-03-31 10:45:44.221 [main] INFO  com.alibaba.nacos.common.remote.client -[printIfInfoEnabled] Line:60 - [5d4938e9-a9bc-476e-a28b-223ff0beb36b_config-0] Register server push request handler:com.alibaba.nacos.client.config.impl.ClientWorker$ConfigRpcTransportClient$$Lambda$329/1155757579
2023-03-31 10:45:44.222 [main] INFO  com.alibaba.nacos.common.remote.client -[printIfInfoEnabled] Line:60 - [5d4938e9-a9bc-476e-a28b-223ff0beb36b_config-0] Register server push request handler:com.alibaba.nacos.client.config.impl.ClientWorker$ConfigRpcTransportClient$$Lambda$330/1785111044
2023-03-31 10:45:44.223 [main] INFO  com.alibaba.nacos.common.remote.client -[printIfInfoEnabled] Line:60 - [5d4938e9-a9bc-476e-a28b-223ff0beb36b_config-0] Registry connection listener to current client:com.alibaba.nacos.client.config.impl.ClientWorker$ConfigRpcTransportClient$1
2023-03-31 10:45:44.224 [main] INFO  com.alibaba.nacos.common.remote.client -[printIfInfoEnabled] Line:60 - [5d4938e9-a9bc-476e-a28b-223ff0beb36b_config-0] RpcClient init, ServerListFactory = com.alibaba.nacos.client.config.impl.ClientWorker$ConfigRpcTransportClient$2
2023-03-31 10:45:44.239 [main] INFO  com.alibaba.nacos.common.remote.client -[printIfInfoEnabled] Line:60 - [5d4938e9-a9bc-476e-a28b-223ff0beb36b_config-0] Try to connect to server on start up, server: {serverIp = 'localhost', server main port = 8848}
2023-03-31 10:45:44.773 [main] INFO  com.alibaba.nacos.common.remote.client -[printIfInfoEnabled] Line:60 - [5d4938e9-a9bc-476e-a28b-223ff0beb36b_config-0] Success to connect to server [localhost:8848] on start up, connectionId = 1680230744612_127.0.0.1_51966
2023-03-31 10:45:44.775 [com.alibaba.nacos.client.remote.worker] INFO  com.alibaba.nacos.common.remote.client -[printIfInfoEnabled] Line:60 - [5d4938e9-a9bc-476e-a28b-223ff0beb36b_config-0] Notify connected event to listeners.
2023-03-31 10:45:44.775 [main] INFO  com.alibaba.nacos.common.remote.client -[printIfInfoEnabled] Line:60 - [5d4938e9-a9bc-476e-a28b-223ff0beb36b_config-0] Register server push request handler:com.alibaba.nacos.common.remote.client.RpcClient$ConnectResetRequestHandler
2023-03-31 10:45:44.776 [main] INFO  com.alibaba.nacos.common.remote.client -[printIfInfoEnabled] Line:60 - [5d4938e9-a9bc-476e-a28b-223ff0beb36b_config-0] Register server push request handler:com.alibaba.nacos.common.remote.client.RpcClient$$Lambda$338/594916129
2023-03-31 10:45:44.935 [main] INFO  com.github.admin.AdminServiceApplication -[logStartupProfileInfo] Line:637- The following 1 profile is active: "local"
2023-03-31 10:45:46.683 [main] INFO  c.a.d.s.b.a.DruidDataSourceAutoConfigure -[dataSource] Line:55 - Init DruidDataSource
2023-03-31 10:45:47.128 [main] INFO  com.alibaba.druid.pool.DruidDataSource -[init] Line:996- {dataSource-1} inited
2023-03-31 10:45:48.150 [main] INFO  com.alibaba.nacos.common.remote.client -[lambda$createClient$0] Line:80 - [RpcClientFactory] create a new rpc client of 09b526b7-cd20-4d3a-902f-931c335b2823
2023-03-31 10:45:48.150 [main] INFO  com.alibaba.nacos.common.remote.client -[printIfInfoEnabled] Line:60 - [09b526b7-cd20-4d3a-902f-931c335b2823] RpcClient init label, labels = {module=naming, source=sdk}
2023-03-31 10:45:48.151 [main] INFO  com.alibaba.nacos.common.remote.client -[printIfInfoEnabled] Line:60 - [09b526b7-cd20-4d3a-902f-931c335b2823] RpcClient init, ServerListFactory = com.alibaba.nacos.client.naming.core.ServerListManager
2023-03-31 10:45:48.151 [main] INFO  com.alibaba.nacos.common.remote.client -[printIfInfoEnabled] Line:60 - [09b526b7-cd20-4d3a-902f-931c335b2823] Registry connection listener to current client:com.alibaba.nacos.client.naming.remote.gprc.redo.NamingGrpcRedoService
2023-03-31 10:45:48.151 [main] INFO  com.alibaba.nacos.common.remote.client -[printIfInfoEnabled] Line:60 - [09b526b7-cd20-4d3a-902f-931c335b2823] Register server push request handler:com.alibaba.nacos.client.naming.remote.gprc.NamingPushRequestHandler
2023-03-31 10:45:48.151 [main] INFO  com.alibaba.nacos.common.remote.client -[printIfInfoEnabled] Line:60 - [09b526b7-cd20-4d3a-902f-931c335b2823] Try to connect to server on start up, server: {serverIp = 'localhost', server main port = 8848}
2023-03-31 10:45:48.288 [main] INFO  com.alibaba.nacos.common.remote.client -[printIfInfoEnabled] Line:60 - [09b526b7-cd20-4d3a-902f-931c335b2823] Success to connect to server [localhost:8848] on start up, connectionId = 1680230748161_127.0.0.1_51975
2023-03-31 10:45:48.290 [com.alibaba.nacos.client.remote.worker] INFO  com.alibaba.nacos.common.remote.client -[printIfInfoEnabled] Line:60 - [09b526b7-cd20-4d3a-902f-931c335b2823] Notify connected event to listeners.
2023-03-31 10:45:48.290 [main] INFO  com.alibaba.nacos.common.remote.client -[printIfInfoEnabled] Line:60 - [09b526b7-cd20-4d3a-902f-931c335b2823] Register server push request handler:com.alibaba.nacos.common.remote.client.RpcClient$ConnectResetRequestHandler
2023-03-31 10:45:48.291 [main] INFO  com.alibaba.nacos.common.remote.client -[printIfInfoEnabled] Line:60 - [09b526b7-cd20-4d3a-902f-931c335b2823] Register server push request handler:com.alibaba.nacos.common.remote.client.RpcClient$$Lambda$338/594916129
2023-03-31 10:45:48.394 [main] INFO  c.a.cloud.nacos.registry.NacosServiceRegistry -[register] Line:75 - nacos registry, DEFAULT_GROUP springboot-admin-service 192.168.2.74:8088 register finished
2023-03-31 10:45:48.420 [main] INFO  com.github.admin.AdminServiceApplication -[logStarted] Line:61 - Started AdminServiceApplication in 5.867 seconds (JVM running for 6.452)
2023-03-31 10:45:48.433 [main] INFO  c.a.cloud.nacos.refresh.NacosContextRefresher -[registerNacosListener] Line:129- [Nacos Config] Listening config: dataId=springboot-admin-service, group=DEFAULT_GROUP
2023-03-31 10:45:48.435 [main] INFO  c.a.cloud.nacos.refresh.NacosContextRefresher -[registerNacosListener] Line:129- [Nacos Config] Listening config: dataId=springboot-admin-service.yml, group=DEFAULT_GROUP
2023-03-31 10:45:48.437 [main] INFO  c.a.cloud.nacos.refresh.NacosContextRefresher -[registerNacosListener] Line:129- [Nacos Config] Listening config: dataId=springboot-admin-service-local.yml, group=DEFAULT_GROUP
2023-03-31 10:45:48.856 [nacos-grpc-client-executor-12] INFO  com.alibaba.nacos.common.remote.client -[printIfInfoEnabled] Line:60 - [09b526b7-cd20-4d3a-902f-931c335b2823] Receive server push request, request = NotifySubscriberRequest, requestId = 38
2023-03-31 10:45:48.907 [nacos-grpc-client-executor-12] INFO  com.alibaba.nacos.common.remote.client -[printIfInfoEnabled] Line:60 - [09b526b7-cd20-4d3a-902f-931c335b2823] Ack server push request, request = NotifySubscriberRequest, requestId = 38
2023-03-31 10:49:42.043 [SpringApplicationShutdownHook] INFO  c.a.cloud.nacos.registry.NacosServiceRegistry -[deregister] Line:94 - De-registering from Nacos Server now...
2023-03-31 10:49:42.062 [SpringApplicationShutdownHook] INFO  c.a.cloud.nacos.registry.NacosServiceRegistry -[deregister] Line:114- De-registration finished.
2023-03-31 10:49:42.387 [SpringApplicationShutdownHook] INFO  com.alibaba.nacos.common.remote.client -[shutdown] Line:454- Shutdown rpc client, set status to shutdown
2023-03-31 10:49:42.388 [SpringApplicationShutdownHook] INFO  com.alibaba.nacos.common.remote.client -[shutdown] Line:456- Shutdown client event executor java.util.concurrent.ScheduledThreadPoolExecutor@33280b4b[Running, pool size = 2, active threads = 2, queued tasks = 0, completed tasks = 0]
2023-03-31 10:49:42.388 [SpringApplicationShutdownHook] INFO  com.alibaba.nacos.common.remote.client -[closeConnection] Line:591- Close current connection 1680230748161_127.0.0.1_51975
2023-03-31 10:49:42.394 [nacos-grpc-client-executor-149] INFO  c.a.nacos.common.remote.client.grpc.GrpcClient -[printIfInfoEnabled] Line:60 - [1680230748161_127.0.0.1_51975]Ignore complete event,isRunning:false,isAbandon=false
2023-03-31 10:49:42.396 [SpringApplicationShutdownHook] INFO  c.a.nacos.common.remote.client.grpc.GrpcClient -[shutdown] Line:85 - Shutdown grpc executor java.util.concurrent.ThreadPoolExecutor@d77765a[Running, pool size = 12, active threads = 0, queued tasks = 0, completed tasks = 150]
2023-03-31 10:49:42.411 [SpringApplicationShutdownHook] INFO  com.alibaba.druid.pool.DruidDataSource -[close] Line:2138- {dataSource-1} closing ...
2023-03-31 10:49:42.425 [SpringApplicationShutdownHook] INFO  com.alibaba.druid.pool.DruidDataSource -[close] Line:2211- {dataSource-1} closed
2023-03-31 14:08:38.380 [main] INFO  org.reflections.Reflections -[scan] Line:232- Reflections took 35 ms to scan 1 urls, producing 3 keys and 6 values 
2023-03-31 14:08:38.405 [main] INFO  org.reflections.Reflections -[scan] Line:232- Reflections took 14 ms to scan 1 urls, producing 4 keys and 9 values 
2023-03-31 14:08:38.425 [main] INFO  org.reflections.Reflections -[scan] Line:232- Reflections took 16 ms to scan 1 urls, producing 3 keys and 10 values 
2023-03-31 14:08:38.581 [main] INFO  org.reflections.Reflections -[scan] Line:232- Reflections took 151 ms to scan 103 urls, producing 0 keys and 0 values 
2023-03-31 14:08:38.591 [main] INFO  org.reflections.Reflections -[scan] Line:232- Reflections took 9 ms to scan 1 urls, producing 1 keys and 5 values 
2023-03-31 14:08:38.602 [main] INFO  org.reflections.Reflections -[scan] Line:232- Reflections took 9 ms to scan 1 urls, producing 1 keys and 7 values 
2023-03-31 14:08:38.617 [main] INFO  org.reflections.Reflections -[scan] Line:232- Reflections took 9 ms to scan 1 urls, producing 2 keys and 8 values 
2023-03-31 14:08:38.705 [main] INFO  org.reflections.Reflections -[scan] Line:232- Reflections took 85 ms to scan 103 urls, producing 0 keys and 0 values 
2023-03-31 14:08:39.538 [main] INFO  com.github.admin.AdminServiceApplication -[logStartupProfileInfo] Line:637- The following 1 profile is active: "local"
2023-03-31 14:08:43.059 [main] INFO  com.github.admin.AdminServiceApplication -[logStarted] Line:61 - Started AdminServiceApplication in 6.021 seconds (JVM running for 6.733)
2023-03-31 14:09:32.485 [http-nio-8088-exec-1] INFO  c.g.admin.serveice.server.impl.UserServiceImpl -[findByUserName] Line:21 - 查询用户信息userName:admin
2023-03-31 14:10:12.831 [http-nio-8088-exec-3] INFO  c.g.admin.serveice.server.impl.UserServiceImpl -[findByUserName] Line:21 - 查询用户信息userName:admin
2023-03-31 14:10:22.885 [http-nio-8088-exec-4] INFO  c.g.admin.serveice.server.impl.UserServiceImpl -[findByUserName] Line:21 - 查询用户信息userName:xxx
2023-03-31 14:10:37.225 [http-nio-8088-exec-6] INFO  c.g.admin.serveice.server.impl.UserServiceImpl -[findByUserName] Line:21 - 查询用户信息userName:admin
2023-03-31 14:19:07.515 [main] INFO  org.reflections.Reflections -[scan] Line:232- Reflections took 26 ms to scan 1 urls, producing 3 keys and 6 values 
2023-03-31 14:19:07.540 [main] INFO  org.reflections.Reflections -[scan] Line:232- Reflections took 14 ms to scan 1 urls, producing 4 keys and 9 values 
2023-03-31 14:19:07.554 [main] INFO  org.reflections.Reflections -[scan] Line:232- Reflections took 12 ms to scan 1 urls, producing 3 keys and 10 values 
2023-03-31 14:19:07.671 [main] INFO  org.reflections.Reflections -[scan] Line:232- Reflections took 112 ms to scan 103 urls, producing 0 keys and 0 values 
2023-03-31 14:19:07.687 [main] INFO  org.reflections.Reflections -[scan] Line:232- Reflections took 11 ms to scan 1 urls, producing 1 keys and 5 values 
2023-03-31 14:19:07.700 [main] INFO  org.reflections.Reflections -[scan] Line:232- Reflections took 9 ms to scan 1 urls, producing 1 keys and 7 values 
2023-03-31 14:19:07.714 [main] INFO  org.reflections.Reflections -[scan] Line:232- Reflections took 10 ms to scan 1 urls, producing 2 keys and 8 values 
2023-03-31 14:19:07.799 [main] INFO  org.reflections.Reflections -[scan] Line:232- Reflections took 82 ms to scan 103 urls, producing 0 keys and 0 values 
2023-03-31 14:19:08.405 [main] INFO  com.github.admin.AdminServiceApplication -[logStartupProfileInfo] Line:637- The following 1 profile is active: "local"
2023-03-31 14:19:12.371 [main] INFO  com.github.admin.AdminServiceApplication -[logStarted] Line:61 - Started AdminServiceApplication in 6.165 seconds (JVM running for 6.747)
2023-03-31 14:19:28.696 [main] INFO  org.reflections.Reflections -[scan] Line:232- Reflections took 27 ms to scan 1 urls, producing 3 keys and 6 values 
2023-03-31 14:19:28.719 [main] INFO  org.reflections.Reflections -[scan] Line:232- Reflections took 14 ms to scan 1 urls, producing 4 keys and 9 values 
2023-03-31 14:19:28.734 [main] INFO  org.reflections.Reflections -[scan] Line:232- Reflections took 12 ms to scan 1 urls, producing 3 keys and 10 values 
2023-03-31 14:19:28.847 [main] INFO  org.reflections.Reflections -[scan] Line:232- Reflections took 108 ms to scan 103 urls, producing 0 keys and 0 values 
2023-03-31 14:19:28.856 [main] INFO  org.reflections.Reflections -[scan] Line:232- Reflections took 8 ms to scan 1 urls, producing 1 keys and 5 values 
2023-03-31 14:19:28.866 [main] INFO  org.reflections.Reflections -[scan] Line:232- Reflections took 8 ms to scan 1 urls, producing 1 keys and 7 values 
2023-03-31 14:19:28.877 [main] INFO  org.reflections.Reflections -[scan] Line:232- Reflections took 9 ms to scan 1 urls, producing 2 keys and 8 values 
2023-03-31 14:19:28.963 [main] INFO  org.reflections.Reflections -[scan] Line:232- Reflections took 84 ms to scan 103 urls, producing 0 keys and 0 values 
2023-03-31 14:19:29.560 [main] INFO  com.github.admin.AdminServiceApplication -[logStartupProfileInfo] Line:637- The following 1 profile is active: "local"
2023-03-31 14:19:32.707 [main] INFO  com.github.admin.AdminServiceApplication -[logStarted] Line:61 - Started AdminServiceApplication in 5.336 seconds (JVM running for 5.941)
2023-03-31 14:19:43.364 [http-nio-8088-exec-1] INFO  c.g.admin.serveice.server.impl.UserServiceImpl -[findByUserName] Line:21 - 查询用户信息userName:admin
2023-03-31 14:21:57.542 [main] INFO  org.reflections.Reflections -[scan] Line:232- Reflections took 30 ms to scan 1 urls, producing 3 keys and 6 values 
2023-03-31 14:21:57.571 [main] INFO  org.reflections.Reflections -[scan] Line:232- Reflections took 14 ms to scan 1 urls, producing 4 keys and 9 values 
2023-03-31 14:21:57.588 [main] INFO  org.reflections.Reflections -[scan] Line:232- Reflections took 14 ms to scan 1 urls, producing 3 keys and 10 values 
2023-03-31 14:21:57.715 [main] INFO  org.reflections.Reflections -[scan] Line:232- Reflections took 123 ms to scan 103 urls, producing 0 keys and 0 values 
2023-03-31 14:21:57.731 [main] INFO  org.reflections.Reflections -[scan] Line:232- Reflections took 11 ms to scan 1 urls, producing 1 keys and 5 values 
2023-03-31 14:21:57.747 [main] INFO  org.reflections.Reflections -[scan] Line:232- Reflections took 9 ms to scan 1 urls, producing 1 keys and 7 values 
2023-03-31 14:21:57.763 [main] INFO  org.reflections.Reflections -[scan] Line:232- Reflections took 10 ms to scan 1 urls, producing 2 keys and 8 values 
2023-03-31 14:21:57.862 [main] INFO  org.reflections.Reflections -[scan] Line:232- Reflections took 97 ms to scan 103 urls, producing 0 keys and 0 values 
2023-03-31 14:21:58.460 [main] INFO  com.github.admin.AdminServiceApplication -[logStartupProfileInfo] Line:637- The following 1 profile is active: "local"
2023-03-31 14:22:02.032 [main] INFO  com.github.admin.AdminServiceApplication -[logStarted] Line:61 - Started AdminServiceApplication in 5.853 seconds (JVM running for 6.485)
2023-03-31 15:56:14.905 [main] INFO  org.reflections.Reflections -[scan] Line:232- Reflections took 33 ms to scan 1 urls, producing 3 keys and 6 values 
2023-03-31 15:56:14.935 [main] INFO  org.reflections.Reflections -[scan] Line:232- Reflections took 16 ms to scan 1 urls, producing 4 keys and 9 values 
2023-03-31 15:56:14.951 [main] INFO  org.reflections.Reflections -[scan] Line:232- Reflections took 12 ms to scan 1 urls, producing 3 keys and 10 values 
2023-03-31 15:56:15.086 [main] INFO  org.reflections.Reflections -[scan] Line:232- Reflections took 130 ms to scan 103 urls, producing 0 keys and 0 values 
2023-03-31 15:56:15.102 [main] INFO  org.reflections.Reflections -[scan] Line:232- Reflections took 10 ms to scan 1 urls, producing 1 keys and 5 values 
2023-03-31 15:56:15.117 [main] INFO  org.reflections.Reflections -[scan] Line:232- Reflections took 8 ms to scan 1 urls, producing 1 keys and 7 values 
2023-03-31 15:56:15.131 [main] INFO  org.reflections.Reflections -[scan] Line:232- Reflections took 8 ms to scan 1 urls, producing 2 keys and 8 values 
2023-03-31 15:56:15.214 [main] INFO  org.reflections.Reflections -[scan] Line:232- Reflections took 81 ms to scan 103 urls, producing 0 keys and 0 values 
2023-03-31 15:56:15.779 [main] INFO  com.github.admin.AdminServiceApplication -[logStartupProfileInfo] Line:637- The following 1 profile is active: "local"
2023-03-31 15:56:19.339 [main] INFO  com.github.admin.AdminServiceApplication -[logStarted] Line:61 - Started AdminServiceApplication in 5.775 seconds (JVM running for 6.417)
2023-03-31 16:13:02.744 [main] INFO  org.reflections.Reflections -[scan] Line:232- Reflections took 29 ms to scan 1 urls, producing 3 keys and 6 values 
2023-03-31 16:13:02.768 [main] INFO  org.reflections.Reflections -[scan] Line:232- Reflections took 14 ms to scan 1 urls, producing 4 keys and 9 values 
2023-03-31 16:13:02.784 [main] INFO  org.reflections.Reflections -[scan] Line:232- Reflections took 13 ms to scan 1 urls, producing 3 keys and 10 values 
2023-03-31 16:13:02.903 [main] INFO  org.reflections.Reflections -[scan] Line:232- Reflections took 115 ms to scan 103 urls, producing 0 keys and 0 values 
2023-03-31 16:13:02.913 [main] INFO  org.reflections.Reflections -[scan] Line:232- Reflections took 9 ms to scan 1 urls, producing 1 keys and 5 values 
2023-03-31 16:13:02.925 [main] INFO  org.reflections.Reflections -[scan] Line:232- Reflections took 8 ms to scan 1 urls, producing 1 keys and 7 values 
2023-03-31 16:13:02.936 [main] INFO  org.reflections.Reflections -[scan] Line:232- Reflections took 8 ms to scan 1 urls, producing 2 keys and 8 values 
2023-03-31 16:13:03.021 [main] INFO  org.reflections.Reflections -[scan] Line:232- Reflections took 82 ms to scan 103 urls, producing 0 keys and 0 values 
2023-03-31 16:13:03.631 [main] INFO  com.github.admin.AdminServiceApplication -[logStartupProfileInfo] Line:637- The following 1 profile is active: "local"
2023-03-31 16:13:06.932 [main] INFO  com.github.admin.AdminServiceApplication -[logStarted] Line:61 - Started AdminServiceApplication in 5.54 seconds (JVM running for 6.151)
2023-03-31 16:28:44.769 [main] INFO  org.reflections.Reflections -[scan] Line:232- Reflections took 31 ms to scan 1 urls, producing 3 keys and 6 values 
2023-03-31 16:28:44.796 [main] INFO  org.reflections.Reflections -[scan] Line:232- Reflections took 17 ms to scan 1 urls, producing 4 keys and 9 values 
2023-03-31 16:28:44.813 [main] INFO  org.reflections.Reflections -[scan] Line:232- Reflections took 13 ms to scan 1 urls, producing 3 keys and 10 values 
2023-03-31 16:28:44.926 [main] INFO  org.reflections.Reflections -[scan] Line:232- Reflections took 108 ms to scan 103 urls, producing 0 keys and 0 values 
2023-03-31 16:28:44.936 [main] INFO  org.reflections.Reflections -[scan] Line:232- Reflections took 8 ms to scan 1 urls, producing 1 keys and 5 values 
2023-03-31 16:28:44.948 [main] INFO  org.reflections.Reflections -[scan] Line:232- Reflections took 9 ms to scan 1 urls, producing 1 keys and 7 values 
2023-03-31 16:28:44.959 [main] INFO  org.reflections.Reflections -[scan] Line:232- Reflections took 8 ms to scan 1 urls, producing 2 keys and 8 values 
2023-03-31 16:28:45.038 [main] INFO  org.reflections.Reflections -[scan] Line:232- Reflections took 77 ms to scan 103 urls, producing 0 keys and 0 values 
2023-03-31 16:28:45.694 [main] INFO  com.github.admin.AdminServiceApplication -[logStartupProfileInfo] Line:637- The following 1 profile is active: "local"
2023-03-31 16:28:49.557 [main] INFO  com.github.admin.AdminServiceApplication -[logStarted] Line:61 - Started AdminServiceApplication in 6.165 seconds (JVM running for 6.792)
2023-03-31 16:33:17.205 [main] INFO  org.reflections.Reflections -[scan] Line:232- Reflections took 28 ms to scan 1 urls, producing 3 keys and 6 values 
2023-03-31 16:33:17.229 [main] INFO  org.reflections.Reflections -[scan] Line:232- Reflections took 13 ms to scan 1 urls, producing 4 keys and 9 values 
2023-03-31 16:33:17.245 [main] INFO  org.reflections.Reflections -[scan] Line:232- Reflections took 13 ms to scan 1 urls, producing 3 keys and 10 values 
2023-03-31 16:33:17.364 [main] INFO  org.reflections.Reflections -[scan] Line:232- Reflections took 114 ms to scan 103 urls, producing 0 keys and 0 values 
2023-03-31 16:33:17.379 [main] INFO  org.reflections.Reflections -[scan] Line:232- Reflections took 9 ms to scan 1 urls, producing 1 keys and 5 values 
2023-03-31 16:33:17.394 [main] INFO  org.reflections.Reflections -[scan] Line:232- Reflections took 8 ms to scan 1 urls, producing 1 keys and 7 values 
2023-03-31 16:33:17.409 [main] INFO  org.reflections.Reflections -[scan] Line:232- Reflections took 9 ms to scan 1 urls, producing 2 keys and 8 values 
2023-03-31 16:33:17.498 [main] INFO  org.reflections.Reflections -[scan] Line:232- Reflections took 86 ms to scan 103 urls, producing 0 keys and 0 values 
2023-03-31 16:33:18.069 [main] INFO  com.github.admin.AdminServiceApplication -[logStartupProfileInfo] Line:637- The following 1 profile is active: "local"
2023-03-31 16:33:21.527 [main] INFO  com.github.admin.AdminServiceApplication -[logStarted] Line:61 - Started AdminServiceApplication in 5.659 seconds (JVM running for 6.281)
2023-03-31 16:38:08.780 [main] INFO  org.reflections.Reflections -[scan] Line:232- Reflections took 28 ms to scan 1 urls, producing 3 keys and 6 values 
2023-03-31 16:38:08.807 [main] INFO  org.reflections.Reflections -[scan] Line:232- Reflections took 17 ms to scan 1 urls, producing 4 keys and 9 values 
2023-03-31 16:38:08.820 [main] INFO  org.reflections.Reflections -[scan] Line:232- Reflections took 11 ms to scan 1 urls, producing 3 keys and 10 values 
2023-03-31 16:38:08.933 [main] INFO  org.reflections.Reflections -[scan] Line:232- Reflections took 108 ms to scan 103 urls, producing 0 keys and 0 values 
2023-03-31 16:38:08.944 [main] INFO  org.reflections.Reflections -[scan] Line:232- Reflections took 9 ms to scan 1 urls, producing 1 keys and 5 values 
2023-03-31 16:38:08.954 [main] INFO  org.reflections.Reflections -[scan] Line:232- Reflections took 8 ms to scan 1 urls, producing 1 keys and 7 values 
2023-03-31 16:38:08.964 [main] INFO  org.reflections.Reflections -[scan] Line:232- Reflections took 7 ms to scan 1 urls, producing 2 keys and 8 values 
2023-03-31 16:38:09.054 [main] INFO  org.reflections.Reflections -[scan] Line:232- Reflections took 89 ms to scan 103 urls, producing 0 keys and 0 values 
2023-03-31 16:38:09.672 [main] INFO  com.github.admin.AdminServiceApplication -[logStartupProfileInfo] Line:637- The following 1 profile is active: "local"
2023-03-31 16:38:13.137 [main] INFO  com.github.admin.AdminServiceApplication -[logStarted] Line:61 - Started AdminServiceApplication in 5.68 seconds (JVM running for 6.322)
2023-03-31 16:38:47.756 [http-nio-8088-exec-1] INFO  c.g.admin.serveice.server.impl.UserServiceImpl -[findByUserName] Line:21 - 查询用户信息userName:admin
2023-03-31 17:02:06.760 [http-nio-8088-exec-3] INFO  c.g.admin.serveice.server.impl.UserServiceImpl -[findByUserName] Line:21 - 查询用户信息userName:admin
2023-03-31 17:04:33.736 [http-nio-8088-exec-5] INFO  c.g.admin.serveice.server.impl.UserServiceImpl -[findByUserName] Line:21 - 查询用户信息userName:admin
2023-03-31 17:06:15.535 [http-nio-8088-exec-7] INFO  c.g.admin.serveice.server.impl.UserServiceImpl -[findByUserName] Line:21 - 查询用户信息userName:admin
