2023-03-30 22:00:01.149 [main] INFO  org.reflections.Reflections -[scan] Line:232- Reflections took 48 ms to scan 1 urls, producing 3 keys and 6 values 
2023-03-30 22:00:01.194 [main] INFO  org.reflections.Reflections -[scan] Line:232- Reflections took 28 ms to scan 1 urls, producing 4 keys and 9 values 
2023-03-30 22:00:01.213 [main] INFO  org.reflections.Reflections -[scan] Line:232- Reflections took 16 ms to scan 1 urls, producing 3 keys and 10 values 
2023-03-30 22:00:01.330 [main] INFO  org.reflections.Reflections -[scan] Line:232- Reflections took 109 ms to scan 136 urls, producing 0 keys and 0 values 
2023-03-30 22:00:01.341 [main] INFO  org.reflections.Reflections -[scan] Line:232- Reflections took 8 ms to scan 1 urls, producing 1 keys and 5 values 
2023-03-30 22:00:01.351 [main] INFO  org.reflections.Reflections -[scan] Line:232- Reflections took 8 ms to scan 1 urls, producing 1 keys and 7 values 
2023-03-30 22:00:01.368 [main] INFO  org.reflections.Reflections -[scan] Line:232- Reflections took 14 ms to scan 1 urls, producing 2 keys and 8 values 
2023-03-30 22:00:01.471 [main] INFO  org.reflections.Reflections -[scan] Line:232- Reflections took 101 ms to scan 136 urls, producing 0 keys and 0 values 
2023-03-30 22:00:02.545 [main] INFO  com.github.admin.SrpingbootApplicationTest -[logStartupProfileInfo] Line:637- The following 1 profile is active: "local"
2023-03-30 22:00:08.516 [main] INFO  com.github.admin.SrpingbootApplicationTest -[logStarted] Line:61 - Started SrpingbootApplicationTest in 9.184 seconds (JVM running for 10.732)
2023-03-30 22:00:35.583 [main] INFO  org.reflections.Reflections -[scan] Line:232- Reflections took 56 ms to scan 1 urls, producing 3 keys and 6 values 
2023-03-30 22:00:35.638 [main] INFO  org.reflections.Reflections -[scan] Line:232- Reflections took 33 ms to scan 1 urls, producing 4 keys and 9 values 
2023-03-30 22:00:35.662 [main] INFO  org.reflections.Reflections -[scan] Line:232- Reflections took 18 ms to scan 1 urls, producing 3 keys and 10 values 
2023-03-30 22:00:35.771 [main] INFO  org.reflections.Reflections -[scan] Line:232- Reflections took 104 ms to scan 136 urls, producing 0 keys and 0 values 
2023-03-30 22:00:35.781 [main] INFO  org.reflections.Reflections -[scan] Line:232- Reflections took 8 ms to scan 1 urls, producing 1 keys and 5 values 
2023-03-30 22:00:35.790 [main] INFO  org.reflections.Reflections -[scan] Line:232- Reflections took 7 ms to scan 1 urls, producing 1 keys and 7 values 
2023-03-30 22:00:35.806 [main] INFO  org.reflections.Reflections -[scan] Line:232- Reflections took 13 ms to scan 1 urls, producing 2 keys and 8 values 
2023-03-30 22:00:35.911 [main] INFO  org.reflections.Reflections -[scan] Line:232- Reflections took 101 ms to scan 136 urls, producing 0 keys and 0 values 
2023-03-30 22:00:36.886 [main] INFO  com.github.admin.SrpingbootApplicationTest -[logStartupProfileInfo] Line:637- The following 1 profile is active: "local"
2023-03-30 22:00:43.150 [main] INFO  com.github.admin.SrpingbootApplicationTest -[logStarted] Line:61 - Started SrpingbootApplicationTest in 9.334 seconds (JVM running for 10.809)
2023-03-30 22:01:59.213 [main] INFO  org.reflections.Reflections -[scan] Line:232- Reflections took 53 ms to scan 1 urls, producing 3 keys and 6 values 
2023-03-30 22:01:59.297 [main] INFO  org.reflections.Reflections -[scan] Line:232- Reflections took 59 ms to scan 1 urls, producing 4 keys and 9 values 
2023-03-30 22:01:59.316 [main] INFO  org.reflections.Reflections -[scan] Line:232- Reflections took 15 ms to scan 1 urls, producing 3 keys and 10 values 
2023-03-30 22:01:59.438 [main] INFO  org.reflections.Reflections -[scan] Line:232- Reflections took 117 ms to scan 136 urls, producing 0 keys and 0 values 
2023-03-30 22:01:59.448 [main] INFO  org.reflections.Reflections -[scan] Line:232- Reflections took 8 ms to scan 1 urls, producing 1 keys and 5 values 
2023-03-30 22:01:59.459 [main] INFO  org.reflections.Reflections -[scan] Line:232- Reflections took 8 ms to scan 1 urls, producing 1 keys and 7 values 
2023-03-30 22:01:59.475 [main] INFO  org.reflections.Reflections -[scan] Line:232- Reflections took 13 ms to scan 1 urls, producing 2 keys and 8 values 
2023-03-30 22:01:59.584 [main] INFO  org.reflections.Reflections -[scan] Line:232- Reflections took 105 ms to scan 136 urls, producing 0 keys and 0 values 
2023-03-30 22:02:00.616 [main] INFO  com.github.admin.SrpingbootApplicationTest -[logStartupProfileInfo] Line:637- The following 1 profile is active: "local"
2023-03-30 22:02:06.613 [main] INFO  com.github.admin.SrpingbootApplicationTest -[logStarted] Line:61 - Started SrpingbootApplicationTest in 9.237 seconds (JVM running for 10.736)
2023-03-30 22:05:20.684 [main] INFO  org.reflections.Reflections -[scan] Line:232- Reflections took 66 ms to scan 1 urls, producing 3 keys and 6 values 
2023-03-30 22:05:20.735 [main] INFO  org.reflections.Reflections -[scan] Line:232- Reflections took 27 ms to scan 1 urls, producing 4 keys and 9 values 
2023-03-30 22:05:20.753 [main] INFO  org.reflections.Reflections -[scan] Line:232- Reflections took 15 ms to scan 1 urls, producing 3 keys and 10 values 
2023-03-30 22:05:20.879 [main] INFO  org.reflections.Reflections -[scan] Line:232- Reflections took 121 ms to scan 136 urls, producing 0 keys and 0 values 
2023-03-30 22:05:20.890 [main] INFO  org.reflections.Reflections -[scan] Line:232- Reflections took 9 ms to scan 1 urls, producing 1 keys and 5 values 
2023-03-30 22:05:20.900 [main] INFO  org.reflections.Reflections -[scan] Line:232- Reflections took 8 ms to scan 1 urls, producing 1 keys and 7 values 
2023-03-30 22:05:20.915 [main] INFO  org.reflections.Reflections -[scan] Line:232- Reflections took 13 ms to scan 1 urls, producing 2 keys and 8 values 
2023-03-30 22:05:21.020 [main] INFO  org.reflections.Reflections -[scan] Line:232- Reflections took 101 ms to scan 136 urls, producing 0 keys and 0 values 
2023-03-30 22:05:21.992 [main] INFO  com.github.admin.SrpingbootApplicationTest -[logStartupProfileInfo] Line:637- The following 1 profile is active: "local"
2023-03-30 22:05:28.039 [main] INFO  com.github.admin.SrpingbootApplicationTest -[logStarted] Line:61 - Started SrpingbootApplicationTest in 9.161 seconds (JVM running for 10.652)
2023-03-30 22:06:12.689 [main] INFO  org.reflections.Reflections -[scan] Line:232- Reflections took 71 ms to scan 1 urls, producing 3 keys and 6 values 
2023-03-30 22:06:12.737 [main] INFO  org.reflections.Reflections -[scan] Line:232- Reflections took 28 ms to scan 1 urls, producing 4 keys and 9 values 
2023-03-30 22:06:12.761 [main] INFO  org.reflections.Reflections -[scan] Line:232- Reflections took 19 ms to scan 1 urls, producing 3 keys and 10 values 
2023-03-30 22:06:12.880 [main] INFO  org.reflections.Reflections -[scan] Line:232- Reflections took 113 ms to scan 136 urls, producing 0 keys and 0 values 
2023-03-30 22:06:12.890 [main] INFO  org.reflections.Reflections -[scan] Line:232- Reflections took 8 ms to scan 1 urls, producing 1 keys and 5 values 
2023-03-30 22:06:12.899 [main] INFO  org.reflections.Reflections -[scan] Line:232- Reflections took 7 ms to scan 1 urls, producing 1 keys and 7 values 
2023-03-30 22:06:12.915 [main] INFO  org.reflections.Reflections -[scan] Line:232- Reflections took 13 ms to scan 1 urls, producing 2 keys and 8 values 
2023-03-30 22:06:13.023 [main] INFO  org.reflections.Reflections -[scan] Line:232- Reflections took 105 ms to scan 136 urls, producing 0 keys and 0 values 
2023-03-30 22:06:14.008 [main] INFO  com.github.admin.SrpingbootApplicationTest -[logStartupProfileInfo] Line:637- The following 1 profile is active: "local"
2023-03-30 22:06:20.050 [main] INFO  com.github.admin.SrpingbootApplicationTest -[logStarted] Line:61 - Started SrpingbootApplicationTest in 9.212 seconds (JVM running for 10.752)
2023-03-30 22:07:49.165 [main] INFO  org.reflections.Reflections -[scan] Line:232- Reflections took 52 ms to scan 1 urls, producing 3 keys and 6 values 
2023-03-30 22:07:49.220 [main] INFO  org.reflections.Reflections -[scan] Line:232- Reflections took 30 ms to scan 1 urls, producing 4 keys and 9 values 
2023-03-30 22:07:49.238 [main] INFO  org.reflections.Reflections -[scan] Line:232- Reflections took 15 ms to scan 1 urls, producing 3 keys and 10 values 
2023-03-30 22:07:49.354 [main] INFO  org.reflections.Reflections -[scan] Line:232- Reflections took 110 ms to scan 136 urls, producing 0 keys and 0 values 
2023-03-30 22:07:49.364 [main] INFO  org.reflections.Reflections -[scan] Line:232- Reflections took 9 ms to scan 1 urls, producing 1 keys and 5 values 
2023-03-30 22:07:49.374 [main] INFO  org.reflections.Reflections -[scan] Line:232- Reflections took 8 ms to scan 1 urls, producing 1 keys and 7 values 
2023-03-30 22:07:49.391 [main] INFO  org.reflections.Reflections -[scan] Line:232- Reflections took 15 ms to scan 1 urls, producing 2 keys and 8 values 
2023-03-30 22:07:49.493 [main] INFO  org.reflections.Reflections -[scan] Line:232- Reflections took 99 ms to scan 136 urls, producing 0 keys and 0 values 
2023-03-30 22:07:50.499 [main] INFO  com.github.admin.SrpingbootApplicationTest -[logStartupProfileInfo] Line:637- The following 1 profile is active: "local"
2023-03-30 22:07:56.413 [main] INFO  com.github.admin.SrpingbootApplicationTest -[logStarted] Line:61 - Started SrpingbootApplicationTest in 9.135 seconds (JVM running for 10.671)
2023-03-30 22:09:09.179 [main] INFO  org.reflections.Reflections -[scan] Line:232- Reflections took 57 ms to scan 1 urls, producing 3 keys and 6 values 
2023-03-30 22:09:09.227 [main] INFO  org.reflections.Reflections -[scan] Line:232- Reflections took 26 ms to scan 1 urls, producing 4 keys and 9 values 
2023-03-30 22:09:09.246 [main] INFO  org.reflections.Reflections -[scan] Line:232- Reflections took 16 ms to scan 1 urls, producing 3 keys and 10 values 
2023-03-30 22:09:09.370 [main] INFO  org.reflections.Reflections -[scan] Line:232- Reflections took 117 ms to scan 136 urls, producing 0 keys and 0 values 
2023-03-30 22:09:09.382 [main] INFO  org.reflections.Reflections -[scan] Line:232- Reflections took 9 ms to scan 1 urls, producing 1 keys and 5 values 
2023-03-30 22:09:09.392 [main] INFO  org.reflections.Reflections -[scan] Line:232- Reflections took 8 ms to scan 1 urls, producing 1 keys and 7 values 
2023-03-30 22:09:09.406 [main] INFO  org.reflections.Reflections -[scan] Line:232- Reflections took 10 ms to scan 1 urls, producing 2 keys and 8 values 
2023-03-30 22:09:09.512 [main] INFO  org.reflections.Reflections -[scan] Line:232- Reflections took 103 ms to scan 136 urls, producing 0 keys and 0 values 
2023-03-30 22:09:10.485 [main] INFO  com.github.admin.SrpingbootApplicationTest -[logStartupProfileInfo] Line:637- The following 1 profile is active: "local"
2023-03-30 22:09:16.422 [main] INFO  com.github.admin.SrpingbootApplicationTest -[logStarted] Line:61 - Started SrpingbootApplicationTest in 9.018 seconds (JVM running for 10.481)
2023-03-30 22:09:16.970 [main] INFO  com.github.admin.SrpingbootApplicationTest -[_测试用户根据名称查询接口] Line:23 - 当前查询用户对象数据:User{id=1, userName='admin', deptId=null, picture='null', sex=1, email='10086@163.com', phone='10086', remark='', createDate=Fri Aug 10 12:00:03 CST 2018, updateDate=Thu Nov 07 10:09:17 CST 2019, status=1}
2023-03-30 22:11:33.649 [main] INFO  org.reflections.Reflections -[scan] Line:232- Reflections took 54 ms to scan 1 urls, producing 3 keys and 6 values 
2023-03-30 22:11:33.705 [main] INFO  org.reflections.Reflections -[scan] Line:232- Reflections took 36 ms to scan 1 urls, producing 4 keys and 9 values 
2023-03-30 22:11:33.725 [main] INFO  org.reflections.Reflections -[scan] Line:232- Reflections took 14 ms to scan 1 urls, producing 3 keys and 10 values 
2023-03-30 22:11:33.851 [main] INFO  org.reflections.Reflections -[scan] Line:232- Reflections took 120 ms to scan 136 urls, producing 0 keys and 0 values 
2023-03-30 22:11:33.860 [main] INFO  org.reflections.Reflections -[scan] Line:232- Reflections took 7 ms to scan 1 urls, producing 1 keys and 5 values 
2023-03-30 22:11:33.870 [main] INFO  org.reflections.Reflections -[scan] Line:232- Reflections took 8 ms to scan 1 urls, producing 1 keys and 7 values 
2023-03-30 22:11:33.888 [main] INFO  org.reflections.Reflections -[scan] Line:232- Reflections took 15 ms to scan 1 urls, producing 2 keys and 8 values 
2023-03-30 22:11:33.996 [main] INFO  org.reflections.Reflections -[scan] Line:232- Reflections took 105 ms to scan 136 urls, producing 0 keys and 0 values 
2023-03-30 22:11:35.028 [main] INFO  com.github.admin.SrpingbootApplicationTest -[logStartupProfileInfo] Line:637- The following 1 profile is active: "local"
2023-03-30 22:11:41.247 [main] INFO  com.github.admin.SrpingbootApplicationTest -[logStarted] Line:61 - Started SrpingbootApplicationTest in 9.396 seconds (JVM running for 10.96)
2023-03-30 22:11:41.750 [main] INFO  com.github.admin.SrpingbootApplicationTest -[_测试用户根据名称查询接口] Line:23 - 当前查询用户对象数据:User{id=1, userName='admin', deptId=1, picture='null', sex=1, email='10086@163.com', phone='10086', remark='', createDate=Fri Aug 10 12:00:03 CST 2018, updateDate=Thu Nov 07 10:09:17 CST 2019, status=1}
2023-03-30 22:15:07.601 [main] INFO  org.reflections.Reflections -[scan] Line:232- Reflections took 55 ms to scan 1 urls, producing 3 keys and 6 values 
2023-03-30 22:15:07.659 [main] INFO  org.reflections.Reflections -[scan] Line:232- Reflections took 37 ms to scan 1 urls, producing 4 keys and 9 values 
2023-03-30 22:15:07.678 [main] INFO  org.reflections.Reflections -[scan] Line:232- Reflections took 16 ms to scan 1 urls, producing 3 keys and 10 values 
2023-03-30 22:15:07.793 [main] INFO  org.reflections.Reflections -[scan] Line:232- Reflections took 109 ms to scan 136 urls, producing 0 keys and 0 values 
2023-03-30 22:15:07.803 [main] INFO  org.reflections.Reflections -[scan] Line:232- Reflections took 9 ms to scan 1 urls, producing 1 keys and 5 values 
2023-03-30 22:15:07.814 [main] INFO  org.reflections.Reflections -[scan] Line:232- Reflections took 8 ms to scan 1 urls, producing 1 keys and 7 values 
2023-03-30 22:15:07.831 [main] INFO  org.reflections.Reflections -[scan] Line:232- Reflections took 14 ms to scan 1 urls, producing 2 keys and 8 values 
2023-03-30 22:15:07.952 [main] INFO  org.reflections.Reflections -[scan] Line:232- Reflections took 117 ms to scan 136 urls, producing 0 keys and 0 values 
2023-03-30 22:15:08.932 [main] INFO  com.github.admin.SrpingbootApplicationTest -[logStartupProfileInfo] Line:637- The following 1 profile is active: "local"
2023-03-30 22:15:15.021 [main] INFO  com.github.admin.SrpingbootApplicationTest -[logStarted] Line:61 - Started SrpingbootApplicationTest in 9.177 seconds (JVM running for 10.648)
2023-03-30 22:15:15.602 [main] INFO  com.github.admin.SrpingbootApplicationTest -[_测试用户根据名称查询接口] Line:23 - 当前查询用户对象数据:User{id=1, userName='admin', deptId=1, picture='null', sex=1, email='10086@163.com', phone='10086', remark='', createDate=Fri Aug 10 12:00:03 CST 2018, updateDate=Thu Nov 07 10:09:17 CST 2019, status=1}
