2023-04-04 10:01:26.248 [main] INFO  org.reflections.Reflections -[scan] Line:232- Reflections took 58 ms to scan 1 urls, producing 3 keys and 6 values 
2023-04-04 10:01:26.312 [main] INFO  org.reflections.Reflections -[scan] Line:232- Reflections took 37 ms to scan 1 urls, producing 4 keys and 9 values 
2023-04-04 10:01:26.346 [main] INFO  org.reflections.Reflections -[scan] Line:232- Reflections took 31 ms to scan 1 urls, producing 3 keys and 10 values 
2023-04-04 10:01:26.466 [main] INFO  org.reflections.Reflections -[scan] Line:232- Reflections took 112 ms to scan 141 urls, producing 0 keys and 0 values 
2023-04-04 10:01:26.476 [main] INFO  org.reflections.Reflections -[scan] Line:232- Reflections took 8 ms to scan 1 urls, producing 1 keys and 5 values 
2023-04-04 10:01:26.487 [main] INFO  org.reflections.Reflections -[scan] Line:232- Reflections took 8 ms to scan 1 urls, producing 1 keys and 7 values 
2023-04-04 10:01:26.502 [main] INFO  org.reflections.Reflections -[scan] Line:232- Reflections took 12 ms to scan 1 urls, producing 2 keys and 8 values 
2023-04-04 10:01:26.628 [main] INFO  org.reflections.Reflections -[scan] Line:232- Reflections took 122 ms to scan 141 urls, producing 0 keys and 0 values 
2023-04-04 10:01:27.926 [main] INFO  com.github.admin.RoleDaoTest -[logStartupProfileInfo] Line:637- The following 1 profile is active: "local"
2023-04-04 10:01:34.730 [main] INFO  com.github.admin.RoleDaoTest -[logStarted] Line:61 - Started RoleDaoTest in 10.503 seconds (JVM running for 12.255)
2023-04-04 10:05:13.475 [main] INFO  org.reflections.Reflections -[scan] Line:232- Reflections took 52 ms to scan 1 urls, producing 3 keys and 6 values 
2023-04-04 10:05:13.525 [main] INFO  org.reflections.Reflections -[scan] Line:232- Reflections took 30 ms to scan 1 urls, producing 4 keys and 9 values 
2023-04-04 10:05:13.550 [main] INFO  org.reflections.Reflections -[scan] Line:232- Reflections took 20 ms to scan 1 urls, producing 3 keys and 10 values 
2023-04-04 10:05:13.681 [main] INFO  org.reflections.Reflections -[scan] Line:232- Reflections took 124 ms to scan 141 urls, producing 0 keys and 0 values 
2023-04-04 10:05:13.692 [main] INFO  org.reflections.Reflections -[scan] Line:232- Reflections took 8 ms to scan 1 urls, producing 1 keys and 5 values 
2023-04-04 10:05:13.704 [main] INFO  org.reflections.Reflections -[scan] Line:232- Reflections took 9 ms to scan 1 urls, producing 1 keys and 7 values 
2023-04-04 10:05:13.720 [main] INFO  org.reflections.Reflections -[scan] Line:232- Reflections took 14 ms to scan 1 urls, producing 2 keys and 8 values 
2023-04-04 10:05:13.828 [main] INFO  org.reflections.Reflections -[scan] Line:232- Reflections took 104 ms to scan 141 urls, producing 0 keys and 0 values 
2023-04-04 10:05:14.933 [main] INFO  com.github.admin.RoleDaoTest -[logStartupProfileInfo] Line:637- The following 1 profile is active: "local"
2023-04-04 10:05:21.069 [main] INFO  com.github.admin.RoleDaoTest -[logStarted] Line:61 - Started RoleDaoTest in 9.492 seconds (JVM running for 11.069)
2023-04-04 10:05:21.687 [main] INFO  com.github.admin.RoleDaoTest -[_测试角色是否存在用户] Line:24 - 当前用户userId:1,查询用户角色是否存在isExists:Role(id=1, title=管理员, name=admin, remark=, createDate=Sat Sep 29 13:12:40 CST 2018, updateDate=Sat Jan 19 11:09:51 CST 2019, createBy=1, updateBy=1, status=1)
2023-04-04 10:49:33.640 [main] INFO  org.reflections.Reflections -[scan] Line:232- Reflections took 49 ms to scan 1 urls, producing 3 keys and 6 values 
2023-04-04 10:49:33.702 [main] INFO  org.reflections.Reflections -[scan] Line:232- Reflections took 38 ms to scan 1 urls, producing 4 keys and 9 values 
2023-04-04 10:49:33.755 [main] INFO  org.reflections.Reflections -[scan] Line:232- Reflections took 48 ms to scan 1 urls, producing 3 keys and 10 values 
2023-04-04 10:49:33.911 [main] INFO  org.reflections.Reflections -[scan] Line:232- Reflections took 140 ms to scan 142 urls, producing 0 keys and 0 values 
2023-04-04 10:49:33.922 [main] INFO  org.reflections.Reflections -[scan] Line:232- Reflections took 9 ms to scan 1 urls, producing 1 keys and 5 values 
2023-04-04 10:49:33.934 [main] INFO  org.reflections.Reflections -[scan] Line:232- Reflections took 9 ms to scan 1 urls, producing 1 keys and 7 values 
2023-04-04 10:49:33.953 [main] INFO  org.reflections.Reflections -[scan] Line:232- Reflections took 15 ms to scan 1 urls, producing 2 keys and 8 values 
2023-04-04 10:49:34.078 [main] INFO  org.reflections.Reflections -[scan] Line:232- Reflections took 120 ms to scan 142 urls, producing 0 keys and 0 values 
2023-04-04 10:49:35.244 [main] INFO  com.github.admin.service.RoleServiceTest -[logStartupProfileInfo] Line:637- The following 1 profile is active: "local"
2023-04-04 10:49:41.818 [main] INFO  com.github.admin.service.RoleServiceTest -[logStarted] Line:61 - Started RoleServiceTest in 10.213 seconds (JVM running for 11.875)
2023-04-04 10:49:42.430 [main] INFO  c.g.admin.serveice.server.impl.RoleServiceImpl -[existsUserOk] Line:37 - 当前roleId:1 查询角色返回结果role:Role(id=1, title=管理员, name=admin, remark=, createDate=Sat Sep 29 13:12:40 CST 2018, updateDate=Sat Jan 19 11:09:51 CST 2019, createBy=1, updateBy=1, status=1)
2023-04-04 10:49:42.591 [main] INFO  com.github.admin.service.RoleServiceTest -[_测试根据用户id查询角色是否存在] Line:25 - 查询用户对应角色返回结果:{"code":"0000","message":"操作成功","success":true}
2023-04-04 10:50:04.115 [main] INFO  org.reflections.Reflections -[scan] Line:232- Reflections took 52 ms to scan 1 urls, producing 3 keys and 6 values 
2023-04-04 10:50:04.172 [main] INFO  org.reflections.Reflections -[scan] Line:232- Reflections took 35 ms to scan 1 urls, producing 4 keys and 9 values 
2023-04-04 10:50:04.193 [main] INFO  org.reflections.Reflections -[scan] Line:232- Reflections took 16 ms to scan 1 urls, producing 3 keys and 10 values 
2023-04-04 10:50:04.320 [main] INFO  org.reflections.Reflections -[scan] Line:232- Reflections took 108 ms to scan 142 urls, producing 0 keys and 0 values 
2023-04-04 10:50:04.330 [main] INFO  org.reflections.Reflections -[scan] Line:232- Reflections took 7 ms to scan 1 urls, producing 1 keys and 5 values 
2023-04-04 10:50:04.342 [main] INFO  org.reflections.Reflections -[scan] Line:232- Reflections took 9 ms to scan 1 urls, producing 1 keys and 7 values 
2023-04-04 10:50:04.358 [main] INFO  org.reflections.Reflections -[scan] Line:232- Reflections took 13 ms to scan 1 urls, producing 2 keys and 8 values 
2023-04-04 10:50:04.468 [main] INFO  org.reflections.Reflections -[scan] Line:232- Reflections took 106 ms to scan 142 urls, producing 0 keys and 0 values 
2023-04-04 10:50:05.494 [main] INFO  com.github.admin.service.RoleServiceTest -[logStartupProfileInfo] Line:637- The following 1 profile is active: "local"
2023-04-04 10:50:11.690 [main] INFO  com.github.admin.service.RoleServiceTest -[logStarted] Line:61 - Started RoleServiceTest in 9.44 seconds (JVM running for 11.012)
2023-04-04 10:50:12.482 [main] INFO  com.github.admin.service.RoleServiceTest -[_测试根据用户id查询角色是否存在] Line:25 - 查询用户对应角色返回结果:{"code":"401","message":"当前用户对应的角色不存在","success":false}
