2023-04-06 14:01:12.026 [main] DEBUG org.mybatis.spring.mapper.ClassPathMapperScanner -[scanCandidateComponents] Line:435- Identified candidate component class: file [/Users/cavlinlee/study-springadmin/admin-service/target/classes/com/github/admin/serveice/dao/MenuDao.class]
2023-04-06 14:01:12.034 [main] DEBUG org.mybatis.spring.mapper.ClassPathMapperScanner -[scanCandidateComponents] Line:435- Identified candidate component class: file [/Users/cavlinlee/study-springadmin/admin-service/target/classes/com/github/admin/serveice/dao/RoleDao.class]
2023-04-06 14:01:12.035 [main] DEBUG org.mybatis.spring.mapper.ClassPathMapperScanner -[scanCandidateComponents] Line:435- Identified candidate component class: file [/Users/cavlinlee/study-springadmin/admin-service/target/classes/com/github/admin/serveice/dao/UserDao.class]
2023-04-06 14:01:12.035 [main] DEBUG org.mybatis.spring.mapper.ClassPathMapperScanner -[scanCandidateComponents] Line:435- Identified candidate component class: file [/Users/cavlinlee/study-springadmin/admin-service/target/classes/com/github/admin/serveice/dao/UserRoleDao.class]
2023-04-06 14:01:12.042 [main] DEBUG org.mybatis.spring.mapper.ClassPathMapperScanner -[debug] Line:49 - Creating MapperFactoryBean with name 'menuDao' and 'com.github.admin.serveice.dao.MenuDao' mapperInterface
2023-04-06 14:01:12.045 [main] DEBUG org.mybatis.spring.mapper.ClassPathMapperScanner -[debug] Line:49 - Enabling autowire by type for MapperFactoryBean with name 'menuDao'.
2023-04-06 14:01:12.046 [main] DEBUG org.mybatis.spring.mapper.ClassPathMapperScanner -[debug] Line:49 - Creating MapperFactoryBean with name 'roleDao' and 'com.github.admin.serveice.dao.RoleDao' mapperInterface
2023-04-06 14:01:12.047 [main] DEBUG org.mybatis.spring.mapper.ClassPathMapperScanner -[debug] Line:49 - Enabling autowire by type for MapperFactoryBean with name 'roleDao'.
2023-04-06 14:01:12.047 [main] DEBUG org.mybatis.spring.mapper.ClassPathMapperScanner -[debug] Line:49 - Creating MapperFactoryBean with name 'userDao' and 'com.github.admin.serveice.dao.UserDao' mapperInterface
2023-04-06 14:01:12.047 [main] DEBUG org.mybatis.spring.mapper.ClassPathMapperScanner -[debug] Line:49 - Enabling autowire by type for MapperFactoryBean with name 'userDao'.
2023-04-06 14:01:12.047 [main] DEBUG org.mybatis.spring.mapper.ClassPathMapperScanner -[debug] Line:49 - Creating MapperFactoryBean with name 'userRoleDao' and 'com.github.admin.serveice.dao.UserRoleDao' mapperInterface
2023-04-06 14:01:12.048 [main] DEBUG org.mybatis.spring.mapper.ClassPathMapperScanner -[debug] Line:49 - Enabling autowire by type for MapperFactoryBean with name 'userRoleDao'.
2023-04-06 14:01:17.382 [main] DEBUG c.g.admin.serveice.dao.UserRoleDao.findByUserId -[debug] Line:137- ==>  Preparing: select * from sys_user_role where user_id = ?
2023-04-06 14:01:17.469 [main] DEBUG c.g.admin.serveice.dao.UserRoleDao.findByUserId -[debug] Line:137- ==> Parameters: 1(Long)
2023-04-06 14:01:17.489 [main] DEBUG c.g.admin.serveice.dao.UserRoleDao.findByUserId -[debug] Line:137- <==      Total: 1
2023-04-06 14:01:17.500 [main] DEBUG com.github.admin.serveice.dao.RoleDao.findByRoleId -[debug] Line:137- ==>  Preparing: select * from sys_role where id = ? and status = 1
2023-04-06 14:01:17.501 [main] DEBUG com.github.admin.serveice.dao.RoleDao.findByRoleId -[debug] Line:137- ==> Parameters: 1(Long)
2023-04-06 14:01:17.505 [main] DEBUG com.github.admin.serveice.dao.RoleDao.findByRoleId -[debug] Line:137- <==      Total: 1
2023-04-06 14:02:23.363 [main] DEBUG org.mybatis.spring.mapper.ClassPathMapperScanner -[scanCandidateComponents] Line:435- Identified candidate component class: file [/Users/cavlinlee/study-springadmin/admin-service/target/classes/com/github/admin/serveice/dao/MenuDao.class]
2023-04-06 14:02:23.366 [main] DEBUG org.mybatis.spring.mapper.ClassPathMapperScanner -[scanCandidateComponents] Line:435- Identified candidate component class: file [/Users/cavlinlee/study-springadmin/admin-service/target/classes/com/github/admin/serveice/dao/RoleDao.class]
2023-04-06 14:02:23.367 [main] DEBUG org.mybatis.spring.mapper.ClassPathMapperScanner -[scanCandidateComponents] Line:435- Identified candidate component class: file [/Users/cavlinlee/study-springadmin/admin-service/target/classes/com/github/admin/serveice/dao/UserDao.class]
2023-04-06 14:02:23.367 [main] DEBUG org.mybatis.spring.mapper.ClassPathMapperScanner -[scanCandidateComponents] Line:435- Identified candidate component class: file [/Users/cavlinlee/study-springadmin/admin-service/target/classes/com/github/admin/serveice/dao/UserRoleDao.class]
2023-04-06 14:02:23.371 [main] DEBUG org.mybatis.spring.mapper.ClassPathMapperScanner -[debug] Line:49 - Creating MapperFactoryBean with name 'menuDao' and 'com.github.admin.serveice.dao.MenuDao' mapperInterface
2023-04-06 14:02:23.376 [main] DEBUG org.mybatis.spring.mapper.ClassPathMapperScanner -[debug] Line:49 - Enabling autowire by type for MapperFactoryBean with name 'menuDao'.
2023-04-06 14:02:23.377 [main] DEBUG org.mybatis.spring.mapper.ClassPathMapperScanner -[debug] Line:49 - Creating MapperFactoryBean with name 'roleDao' and 'com.github.admin.serveice.dao.RoleDao' mapperInterface
2023-04-06 14:02:23.378 [main] DEBUG org.mybatis.spring.mapper.ClassPathMapperScanner -[debug] Line:49 - Enabling autowire by type for MapperFactoryBean with name 'roleDao'.
2023-04-06 14:02:23.379 [main] DEBUG org.mybatis.spring.mapper.ClassPathMapperScanner -[debug] Line:49 - Creating MapperFactoryBean with name 'userDao' and 'com.github.admin.serveice.dao.UserDao' mapperInterface
2023-04-06 14:02:23.379 [main] DEBUG org.mybatis.spring.mapper.ClassPathMapperScanner -[debug] Line:49 - Enabling autowire by type for MapperFactoryBean with name 'userDao'.
2023-04-06 14:02:23.379 [main] DEBUG org.mybatis.spring.mapper.ClassPathMapperScanner -[debug] Line:49 - Creating MapperFactoryBean with name 'userRoleDao' and 'com.github.admin.serveice.dao.UserRoleDao' mapperInterface
2023-04-06 14:02:23.380 [main] DEBUG org.mybatis.spring.mapper.ClassPathMapperScanner -[debug] Line:49 - Enabling autowire by type for MapperFactoryBean with name 'userRoleDao'.
2023-04-06 14:02:28.299 [main] DEBUG c.g.admin.serveice.dao.UserRoleDao.findByUserId -[debug] Line:137- ==>  Preparing: select * from sys_user_role where user_id = ?
2023-04-06 14:02:28.382 [main] DEBUG c.g.admin.serveice.dao.UserRoleDao.findByUserId -[debug] Line:137- ==> Parameters: 2(Long)
2023-04-06 14:02:28.408 [main] DEBUG c.g.admin.serveice.dao.UserRoleDao.findByUserId -[debug] Line:137- <==      Total: 2
2023-04-06 14:02:28.419 [main] DEBUG com.github.admin.serveice.dao.RoleDao.findByRoleId -[debug] Line:137- ==>  Preparing: select * from sys_role where id = ? and status = 1
2023-04-06 14:02:28.421 [main] DEBUG com.github.admin.serveice.dao.RoleDao.findByRoleId -[debug] Line:137- ==> Parameters: 2(Long)
2023-04-06 14:02:28.424 [main] DEBUG com.github.admin.serveice.dao.RoleDao.findByRoleId -[debug] Line:137- <==      Total: 1
2023-04-06 14:02:28.426 [main] DEBUG com.github.admin.serveice.dao.RoleDao.findByRoleId -[debug] Line:137- ==>  Preparing: select * from sys_role where id = ? and status = 1
2023-04-06 14:02:28.426 [main] DEBUG com.github.admin.serveice.dao.RoleDao.findByRoleId -[debug] Line:137- ==> Parameters: 3(Long)
2023-04-06 14:02:28.429 [main] DEBUG com.github.admin.serveice.dao.RoleDao.findByRoleId -[debug] Line:137- <==      Total: 1
2023-04-06 15:13:07.369 [main] DEBUG org.mybatis.spring.mapper.ClassPathMapperScanner -[scanCandidateComponents] Line:435- Identified candidate component class: file [/Users/cavlinlee/study-springadmin/admin-service/target/classes/com/github/admin/serveice/dao/MenuDao.class]
2023-04-06 15:13:07.374 [main] DEBUG org.mybatis.spring.mapper.ClassPathMapperScanner -[scanCandidateComponents] Line:435- Identified candidate component class: file [/Users/cavlinlee/study-springadmin/admin-service/target/classes/com/github/admin/serveice/dao/RoleDao.class]
2023-04-06 15:13:07.375 [main] DEBUG org.mybatis.spring.mapper.ClassPathMapperScanner -[scanCandidateComponents] Line:435- Identified candidate component class: file [/Users/cavlinlee/study-springadmin/admin-service/target/classes/com/github/admin/serveice/dao/RoleMenuDao.class]
2023-04-06 15:13:07.375 [main] DEBUG org.mybatis.spring.mapper.ClassPathMapperScanner -[scanCandidateComponents] Line:435- Identified candidate component class: file [/Users/cavlinlee/study-springadmin/admin-service/target/classes/com/github/admin/serveice/dao/UserDao.class]
2023-04-06 15:13:07.376 [main] DEBUG org.mybatis.spring.mapper.ClassPathMapperScanner -[scanCandidateComponents] Line:435- Identified candidate component class: file [/Users/cavlinlee/study-springadmin/admin-service/target/classes/com/github/admin/serveice/dao/UserRoleDao.class]
2023-04-06 15:13:07.384 [main] DEBUG org.mybatis.spring.mapper.ClassPathMapperScanner -[debug] Line:49 - Creating MapperFactoryBean with name 'menuDao' and 'com.github.admin.serveice.dao.MenuDao' mapperInterface
2023-04-06 15:13:07.390 [main] DEBUG org.mybatis.spring.mapper.ClassPathMapperScanner -[debug] Line:49 - Enabling autowire by type for MapperFactoryBean with name 'menuDao'.
2023-04-06 15:13:07.392 [main] DEBUG org.mybatis.spring.mapper.ClassPathMapperScanner -[debug] Line:49 - Creating MapperFactoryBean with name 'roleDao' and 'com.github.admin.serveice.dao.RoleDao' mapperInterface
2023-04-06 15:13:07.394 [main] DEBUG org.mybatis.spring.mapper.ClassPathMapperScanner -[debug] Line:49 - Enabling autowire by type for MapperFactoryBean with name 'roleDao'.
2023-04-06 15:13:07.394 [main] DEBUG org.mybatis.spring.mapper.ClassPathMapperScanner -[debug] Line:49 - Creating MapperFactoryBean with name 'roleMenuDao' and 'com.github.admin.serveice.dao.RoleMenuDao' mapperInterface
2023-04-06 15:13:07.395 [main] DEBUG org.mybatis.spring.mapper.ClassPathMapperScanner -[debug] Line:49 - Enabling autowire by type for MapperFactoryBean with name 'roleMenuDao'.
2023-04-06 15:13:07.395 [main] DEBUG org.mybatis.spring.mapper.ClassPathMapperScanner -[debug] Line:49 - Creating MapperFactoryBean with name 'userDao' and 'com.github.admin.serveice.dao.UserDao' mapperInterface
2023-04-06 15:13:07.395 [main] DEBUG org.mybatis.spring.mapper.ClassPathMapperScanner -[debug] Line:49 - Enabling autowire by type for MapperFactoryBean with name 'userDao'.
2023-04-06 15:13:07.396 [main] DEBUG org.mybatis.spring.mapper.ClassPathMapperScanner -[debug] Line:49 - Creating MapperFactoryBean with name 'userRoleDao' and 'com.github.admin.serveice.dao.UserRoleDao' mapperInterface
2023-04-06 15:13:07.396 [main] DEBUG org.mybatis.spring.mapper.ClassPathMapperScanner -[debug] Line:49 - Enabling autowire by type for MapperFactoryBean with name 'userRoleDao'.
2023-04-06 15:13:12.397 [main] DEBUG c.g.admin.serveice.dao.UserRoleDao.findByUserId -[debug] Line:137- ==>  Preparing: select * from sys_user_role where user_id = ?
2023-04-06 15:13:12.485 [main] DEBUG c.g.admin.serveice.dao.UserRoleDao.findByUserId -[debug] Line:137- ==> Parameters: 2(Long)
2023-04-06 15:13:12.501 [main] DEBUG c.g.admin.serveice.dao.UserRoleDao.findByUserId -[debug] Line:137- <==      Total: 2
2023-04-06 15:13:12.512 [main] DEBUG com.github.admin.serveice.dao.RoleDao.findByRoleId -[debug] Line:137- ==>  Preparing: select * from sys_role where id = ? and status = 1
2023-04-06 15:13:12.514 [main] DEBUG com.github.admin.serveice.dao.RoleDao.findByRoleId -[debug] Line:137- ==> Parameters: 2(Long)
2023-04-06 15:13:12.522 [main] DEBUG com.github.admin.serveice.dao.RoleDao.findByRoleId -[debug] Line:137- <==      Total: 1
2023-04-06 15:13:12.523 [main] DEBUG com.github.admin.serveice.dao.RoleDao.findByRoleId -[debug] Line:137- ==>  Preparing: select * from sys_role where id = ? and status = 1
2023-04-06 15:13:12.524 [main] DEBUG com.github.admin.serveice.dao.RoleDao.findByRoleId -[debug] Line:137- ==> Parameters: 3(Long)
2023-04-06 15:13:12.534 [main] DEBUG com.github.admin.serveice.dao.RoleDao.findByRoleId -[debug] Line:137- <==      Total: 1
2023-04-06 15:13:12.537 [main] DEBUG c.g.admin.serveice.dao.RoleMenuDao.findByRoleId -[debug] Line:137- ==>  Preparing: select * from sys_role_menu where role_id = ?
2023-04-06 15:13:12.538 [main] DEBUG c.g.admin.serveice.dao.RoleMenuDao.findByRoleId -[debug] Line:137- ==> Parameters: 3(Long)
2023-04-06 15:13:12.544 [main] DEBUG c.g.admin.serveice.dao.RoleMenuDao.findByRoleId -[debug] Line:137- <==      Total: 17
2023-04-06 15:13:12.545 [main] DEBUG com.github.admin.serveice.dao.MenuDao.findById -[debug] Line:137- ==>  Preparing: select * from sys_menu where id = ? and status != 3 order by type ASC, sort ASC
2023-04-06 15:13:12.549 [main] DEBUG com.github.admin.serveice.dao.MenuDao.findById -[debug] Line:137- ==> Parameters: 1(Long)
2023-04-06 15:13:12.551 [main] DEBUG com.github.admin.serveice.dao.MenuDao.findById -[debug] Line:137- <==      Total: 1
2023-04-06 15:13:12.553 [main] DEBUG com.github.admin.serveice.dao.MenuDao.findById -[debug] Line:137- ==>  Preparing: select * from sys_menu where id = ? and status != 3 order by type ASC, sort ASC
2023-04-06 15:13:12.553 [main] DEBUG com.github.admin.serveice.dao.MenuDao.findById -[debug] Line:137- ==> Parameters: 2(Long)
2023-04-06 15:13:12.556 [main] DEBUG com.github.admin.serveice.dao.MenuDao.findById -[debug] Line:137- <==      Total: 1
2023-04-06 15:13:12.557 [main] DEBUG com.github.admin.serveice.dao.MenuDao.findById -[debug] Line:137- ==>  Preparing: select * from sys_menu where id = ? and status != 3 order by type ASC, sort ASC
2023-04-06 15:13:12.558 [main] DEBUG com.github.admin.serveice.dao.MenuDao.findById -[debug] Line:137- ==> Parameters: 3(Long)
2023-04-06 15:13:12.560 [main] DEBUG com.github.admin.serveice.dao.MenuDao.findById -[debug] Line:137- <==      Total: 1
2023-04-06 15:13:12.561 [main] DEBUG com.github.admin.serveice.dao.MenuDao.findById -[debug] Line:137- ==>  Preparing: select * from sys_menu where id = ? and status != 3 order by type ASC, sort ASC
2023-04-06 15:13:12.562 [main] DEBUG com.github.admin.serveice.dao.MenuDao.findById -[debug] Line:137- ==> Parameters: 6(Long)
2023-04-06 15:13:12.566 [main] DEBUG com.github.admin.serveice.dao.MenuDao.findById -[debug] Line:137- <==      Total: 1
2023-04-06 15:13:12.567 [main] DEBUG com.github.admin.serveice.dao.MenuDao.findById -[debug] Line:137- ==>  Preparing: select * from sys_menu where id = ? and status != 3 order by type ASC, sort ASC
2023-04-06 15:13:12.568 [main] DEBUG com.github.admin.serveice.dao.MenuDao.findById -[debug] Line:137- ==> Parameters: 8(Long)
2023-04-06 15:13:12.575 [main] DEBUG com.github.admin.serveice.dao.MenuDao.findById -[debug] Line:137- <==      Total: 1
2023-04-06 15:13:12.576 [main] DEBUG com.github.admin.serveice.dao.MenuDao.findById -[debug] Line:137- ==>  Preparing: select * from sys_menu where id = ? and status != 3 order by type ASC, sort ASC
2023-04-06 15:13:12.577 [main] DEBUG com.github.admin.serveice.dao.MenuDao.findById -[debug] Line:137- ==> Parameters: 9(Long)
2023-04-06 15:13:12.582 [main] DEBUG com.github.admin.serveice.dao.MenuDao.findById -[debug] Line:137- <==      Total: 1
2023-04-06 15:13:12.583 [main] DEBUG com.github.admin.serveice.dao.MenuDao.findById -[debug] Line:137- ==>  Preparing: select * from sys_menu where id = ? and status != 3 order by type ASC, sort ASC
2023-04-06 15:13:12.586 [main] DEBUG com.github.admin.serveice.dao.MenuDao.findById -[debug] Line:137- ==> Parameters: 10(Long)
2023-04-06 15:13:12.591 [main] DEBUG com.github.admin.serveice.dao.MenuDao.findById -[debug] Line:137- <==      Total: 1
2023-04-06 15:13:12.592 [main] DEBUG com.github.admin.serveice.dao.MenuDao.findById -[debug] Line:137- ==>  Preparing: select * from sys_menu where id = ? and status != 3 order by type ASC, sort ASC
2023-04-06 15:13:12.593 [main] DEBUG com.github.admin.serveice.dao.MenuDao.findById -[debug] Line:137- ==> Parameters: 21(Long)
2023-04-06 15:13:12.599 [main] DEBUG com.github.admin.serveice.dao.MenuDao.findById -[debug] Line:137- <==      Total: 1
2023-04-06 15:13:12.600 [main] DEBUG com.github.admin.serveice.dao.MenuDao.findById -[debug] Line:137- ==>  Preparing: select * from sys_menu where id = ? and status != 3 order by type ASC, sort ASC
2023-04-06 15:13:12.601 [main] DEBUG com.github.admin.serveice.dao.MenuDao.findById -[debug] Line:137- ==> Parameters: 22(Long)
2023-04-06 15:13:12.604 [main] DEBUG com.github.admin.serveice.dao.MenuDao.findById -[debug] Line:137- <==      Total: 1
2023-04-06 15:13:12.606 [main] DEBUG com.github.admin.serveice.dao.MenuDao.findById -[debug] Line:137- ==>  Preparing: select * from sys_menu where id = ? and status != 3 order by type ASC, sort ASC
2023-04-06 15:13:12.607 [main] DEBUG com.github.admin.serveice.dao.MenuDao.findById -[debug] Line:137- ==> Parameters: 23(Long)
2023-04-06 15:13:12.611 [main] DEBUG com.github.admin.serveice.dao.MenuDao.findById -[debug] Line:137- <==      Total: 1
2023-04-06 15:13:12.612 [main] DEBUG com.github.admin.serveice.dao.MenuDao.findById -[debug] Line:137- ==>  Preparing: select * from sys_menu where id = ? and status != 3 order by type ASC, sort ASC
2023-04-06 15:13:12.614 [main] DEBUG com.github.admin.serveice.dao.MenuDao.findById -[debug] Line:137- ==> Parameters: 24(Long)
2023-04-06 15:13:12.618 [main] DEBUG com.github.admin.serveice.dao.MenuDao.findById -[debug] Line:137- <==      Total: 1
2023-04-06 15:13:12.621 [main] DEBUG com.github.admin.serveice.dao.MenuDao.findById -[debug] Line:137- ==>  Preparing: select * from sys_menu where id = ? and status != 3 order by type ASC, sort ASC
2023-04-06 15:13:12.623 [main] DEBUG com.github.admin.serveice.dao.MenuDao.findById -[debug] Line:137- ==> Parameters: 25(Long)
2023-04-06 15:13:12.627 [main] DEBUG com.github.admin.serveice.dao.MenuDao.findById -[debug] Line:137- <==      Total: 1
2023-04-06 15:13:12.630 [main] DEBUG com.github.admin.serveice.dao.MenuDao.findById -[debug] Line:137- ==>  Preparing: select * from sys_menu where id = ? and status != 3 order by type ASC, sort ASC
2023-04-06 15:13:12.633 [main] DEBUG com.github.admin.serveice.dao.MenuDao.findById -[debug] Line:137- ==> Parameters: 136(Long)
2023-04-06 15:13:12.634 [main] DEBUG com.github.admin.serveice.dao.MenuDao.findById -[debug] Line:137- <==      Total: 1
2023-04-06 15:13:12.635 [main] DEBUG com.github.admin.serveice.dao.MenuDao.findById -[debug] Line:137- ==>  Preparing: select * from sys_menu where id = ? and status != 3 order by type ASC, sort ASC
2023-04-06 15:13:12.636 [main] DEBUG com.github.admin.serveice.dao.MenuDao.findById -[debug] Line:137- ==> Parameters: 137(Long)
2023-04-06 15:13:12.637 [main] DEBUG com.github.admin.serveice.dao.MenuDao.findById -[debug] Line:137- <==      Total: 1
2023-04-06 15:13:12.638 [main] DEBUG com.github.admin.serveice.dao.MenuDao.findById -[debug] Line:137- ==>  Preparing: select * from sys_menu where id = ? and status != 3 order by type ASC, sort ASC
2023-04-06 15:13:12.639 [main] DEBUG com.github.admin.serveice.dao.MenuDao.findById -[debug] Line:137- ==> Parameters: 138(Long)
2023-04-06 15:13:12.640 [main] DEBUG com.github.admin.serveice.dao.MenuDao.findById -[debug] Line:137- <==      Total: 1
2023-04-06 15:13:12.641 [main] DEBUG com.github.admin.serveice.dao.MenuDao.findById -[debug] Line:137- ==>  Preparing: select * from sys_menu where id = ? and status != 3 order by type ASC, sort ASC
2023-04-06 15:13:12.642 [main] DEBUG com.github.admin.serveice.dao.MenuDao.findById -[debug] Line:137- ==> Parameters: 139(Long)
2023-04-06 15:13:12.644 [main] DEBUG com.github.admin.serveice.dao.MenuDao.findById -[debug] Line:137- <==      Total: 1
2023-04-06 15:13:12.645 [main] DEBUG com.github.admin.serveice.dao.MenuDao.findById -[debug] Line:137- ==>  Preparing: select * from sys_menu where id = ? and status != 3 order by type ASC, sort ASC
2023-04-06 15:13:12.645 [main] DEBUG com.github.admin.serveice.dao.MenuDao.findById -[debug] Line:137- ==> Parameters: 140(Long)
2023-04-06 15:13:12.646 [main] DEBUG com.github.admin.serveice.dao.MenuDao.findById -[debug] Line:137- <==      Total: 1
2023-04-06 15:13:12.648 [main] DEBUG c.g.admin.serveice.dao.RoleMenuDao.findByRoleId -[debug] Line:137- ==>  Preparing: select * from sys_role_menu where role_id = ?
2023-04-06 15:13:12.648 [main] DEBUG c.g.admin.serveice.dao.RoleMenuDao.findByRoleId -[debug] Line:137- ==> Parameters: 2(Long)
2023-04-06 15:13:12.650 [main] DEBUG c.g.admin.serveice.dao.RoleMenuDao.findByRoleId -[debug] Line:137- <==      Total: 15
2023-04-06 15:13:12.651 [main] DEBUG com.github.admin.serveice.dao.MenuDao.findById -[debug] Line:137- ==>  Preparing: select * from sys_menu where id = ? and status != 3 order by type ASC, sort ASC
2023-04-06 15:13:12.655 [main] DEBUG com.github.admin.serveice.dao.MenuDao.findById -[debug] Line:137- ==> Parameters: 2(Long)
2023-04-06 15:13:12.658 [main] DEBUG com.github.admin.serveice.dao.MenuDao.findById -[debug] Line:137- <==      Total: 1
2023-04-06 15:13:12.659 [main] DEBUG com.github.admin.serveice.dao.MenuDao.findById -[debug] Line:137- ==>  Preparing: select * from sys_menu where id = ? and status != 3 order by type ASC, sort ASC
2023-04-06 15:13:12.661 [main] DEBUG com.github.admin.serveice.dao.MenuDao.findById -[debug] Line:137- ==> Parameters: 4(Long)
2023-04-06 15:13:12.662 [main] DEBUG com.github.admin.serveice.dao.MenuDao.findById -[debug] Line:137- <==      Total: 1
2023-04-06 15:13:12.663 [main] DEBUG com.github.admin.serveice.dao.MenuDao.findById -[debug] Line:137- ==>  Preparing: select * from sys_menu where id = ? and status != 3 order by type ASC, sort ASC
2023-04-06 15:13:12.663 [main] DEBUG com.github.admin.serveice.dao.MenuDao.findById -[debug] Line:137- ==> Parameters: 5(Long)
2023-04-06 15:13:12.664 [main] DEBUG com.github.admin.serveice.dao.MenuDao.findById -[debug] Line:137- <==      Total: 1
2023-04-06 15:13:12.664 [main] DEBUG com.github.admin.serveice.dao.MenuDao.findById -[debug] Line:137- ==>  Preparing: select * from sys_menu where id = ? and status != 3 order by type ASC, sort ASC
2023-04-06 15:13:12.666 [main] DEBUG com.github.admin.serveice.dao.MenuDao.findById -[debug] Line:137- ==> Parameters: 6(Long)
2023-04-06 15:13:12.671 [main] DEBUG com.github.admin.serveice.dao.MenuDao.findById -[debug] Line:137- <==      Total: 1
2023-04-06 15:13:12.672 [main] DEBUG com.github.admin.serveice.dao.MenuDao.findById -[debug] Line:137- ==>  Preparing: select * from sys_menu where id = ? and status != 3 order by type ASC, sort ASC
2023-04-06 15:13:12.673 [main] DEBUG com.github.admin.serveice.dao.MenuDao.findById -[debug] Line:137- ==> Parameters: 7(Long)
2023-04-06 15:13:12.676 [main] DEBUG com.github.admin.serveice.dao.MenuDao.findById -[debug] Line:137- <==      Total: 1
2023-04-06 15:13:12.676 [main] DEBUG com.github.admin.serveice.dao.MenuDao.findById -[debug] Line:137- ==>  Preparing: select * from sys_menu where id = ? and status != 3 order by type ASC, sort ASC
2023-04-06 15:13:12.677 [main] DEBUG com.github.admin.serveice.dao.MenuDao.findById -[debug] Line:137- ==> Parameters: 11(Long)
2023-04-06 15:13:12.679 [main] DEBUG com.github.admin.serveice.dao.MenuDao.findById -[debug] Line:137- <==      Total: 1
2023-04-06 15:13:12.680 [main] DEBUG com.github.admin.serveice.dao.MenuDao.findById -[debug] Line:137- ==>  Preparing: select * from sys_menu where id = ? and status != 3 order by type ASC, sort ASC
2023-04-06 15:13:12.681 [main] DEBUG com.github.admin.serveice.dao.MenuDao.findById -[debug] Line:137- ==> Parameters: 12(Long)
2023-04-06 15:13:12.685 [main] DEBUG com.github.admin.serveice.dao.MenuDao.findById -[debug] Line:137- <==      Total: 1
2023-04-06 15:13:12.686 [main] DEBUG com.github.admin.serveice.dao.MenuDao.findById -[debug] Line:137- ==>  Preparing: select * from sys_menu where id = ? and status != 3 order by type ASC, sort ASC
2023-04-06 15:13:12.686 [main] DEBUG com.github.admin.serveice.dao.MenuDao.findById -[debug] Line:137- ==> Parameters: 13(Long)
2023-04-06 15:13:12.688 [main] DEBUG com.github.admin.serveice.dao.MenuDao.findById -[debug] Line:137- <==      Total: 1
2023-04-06 15:13:12.689 [main] DEBUG com.github.admin.serveice.dao.MenuDao.findById -[debug] Line:137- ==>  Preparing: select * from sys_menu where id = ? and status != 3 order by type ASC, sort ASC
2023-04-06 15:13:12.694 [main] DEBUG com.github.admin.serveice.dao.MenuDao.findById -[debug] Line:137- ==> Parameters: 14(Long)
2023-04-06 15:13:12.697 [main] DEBUG com.github.admin.serveice.dao.MenuDao.findById -[debug] Line:137- <==      Total: 1
2023-04-06 15:13:12.699 [main] DEBUG com.github.admin.serveice.dao.MenuDao.findById -[debug] Line:137- ==>  Preparing: select * from sys_menu where id = ? and status != 3 order by type ASC, sort ASC
2023-04-06 15:13:12.699 [main] DEBUG com.github.admin.serveice.dao.MenuDao.findById -[debug] Line:137- ==> Parameters: 15(Long)
2023-04-06 15:13:12.706 [main] DEBUG com.github.admin.serveice.dao.MenuDao.findById -[debug] Line:137- <==      Total: 1
2023-04-06 15:13:12.708 [main] DEBUG com.github.admin.serveice.dao.MenuDao.findById -[debug] Line:137- ==>  Preparing: select * from sys_menu where id = ? and status != 3 order by type ASC, sort ASC
2023-04-06 15:13:12.709 [main] DEBUG com.github.admin.serveice.dao.MenuDao.findById -[debug] Line:137- ==> Parameters: 16(Long)
2023-04-06 15:13:12.715 [main] DEBUG com.github.admin.serveice.dao.MenuDao.findById -[debug] Line:137- <==      Total: 1
2023-04-06 15:13:12.716 [main] DEBUG com.github.admin.serveice.dao.MenuDao.findById -[debug] Line:137- ==>  Preparing: select * from sys_menu where id = ? and status != 3 order by type ASC, sort ASC
2023-04-06 15:13:12.718 [main] DEBUG com.github.admin.serveice.dao.MenuDao.findById -[debug] Line:137- ==> Parameters: 17(Long)
2023-04-06 15:13:12.722 [main] DEBUG com.github.admin.serveice.dao.MenuDao.findById -[debug] Line:137- <==      Total: 1
2023-04-06 15:13:12.723 [main] DEBUG com.github.admin.serveice.dao.MenuDao.findById -[debug] Line:137- ==>  Preparing: select * from sys_menu where id = ? and status != 3 order by type ASC, sort ASC
2023-04-06 15:13:12.724 [main] DEBUG com.github.admin.serveice.dao.MenuDao.findById -[debug] Line:137- ==> Parameters: 18(Long)
2023-04-06 15:13:12.729 [main] DEBUG com.github.admin.serveice.dao.MenuDao.findById -[debug] Line:137- <==      Total: 1
2023-04-06 15:13:12.731 [main] DEBUG com.github.admin.serveice.dao.MenuDao.findById -[debug] Line:137- ==>  Preparing: select * from sys_menu where id = ? and status != 3 order by type ASC, sort ASC
2023-04-06 15:13:12.733 [main] DEBUG com.github.admin.serveice.dao.MenuDao.findById -[debug] Line:137- ==> Parameters: 19(Long)
2023-04-06 15:13:12.736 [main] DEBUG com.github.admin.serveice.dao.MenuDao.findById -[debug] Line:137- <==      Total: 1
2023-04-06 15:13:12.736 [main] DEBUG com.github.admin.serveice.dao.MenuDao.findById -[debug] Line:137- ==>  Preparing: select * from sys_menu where id = ? and status != 3 order by type ASC, sort ASC
2023-04-06 15:13:12.737 [main] DEBUG com.github.admin.serveice.dao.MenuDao.findById -[debug] Line:137- ==> Parameters: 20(Long)
2023-04-06 15:13:12.741 [main] DEBUG com.github.admin.serveice.dao.MenuDao.findById -[debug] Line:137- <==      Total: 1
